{"level":"info","ts":"2023-03-03T00:11:26.147+0300","caller":"v4@v4.17.2/conn.go:354","msg":"Dialing PostgreSQL server","host":"79.137.198.139"}
{"level":"info","ts":"2023-03-03T00:11:26.519+0300","caller":"v4@v4.17.2/conn.go:354","msg":"Exec","sql":";","args":[],"time":0.0725742,"commandTag":"","pid":2849}
{"level":"info","ts":"2023-03-03T00:11:26.666+0300","caller":"v4@v4.17.2/conn.go:354","msg":"Query","sql":"SELECT version, dirty FROM schema_migrations;","args":[],"time":0.1456188,"rowCount":1,"pid":2849}
{"level":"info","ts":"2023-03-03T00:11:31.666+0300","caller":"service/userService.go:58","msg":"Attempt to connect to APIGateway 1 of 3"}
{"level":"info","ts":"2023-03-03T00:11:31.678+0300","caller":"service/userService.go:73","msg":"Start to listen to{port 15 0 6001 <nil>}"}
{"level":"info","ts":"2023-03-03T00:12:35.487+0300","caller":"v4@v4.17.2/conn.go:354","msg":"Query","sql":"SELECT id, id_profile, email, mobile_phone, show_phone \n\t\t\tFROM user_service.public.user_contacts WHERE email = $1","args":["lenkavorobuchek@mail.ru"],"time":0.1450228,"rowCount":1,"pid":2849}
{"level":"info","ts":"2023-03-03T00:14:26.522+0300","caller":"v4@v4.17.2/conn.go:354","msg":"closed connection","pid":2849}
{"level":"info","ts":"2023-03-03T00:16:07.719+0300","caller":"v4@v4.17.2/conn.go:354","msg":"Dialing PostgreSQL server","host":"79.137.198.139"}
{"level":"info","ts":"2023-03-03T00:16:08.198+0300","caller":"v4@v4.17.2/conn.go:354","msg":"Query","sql":"SELECT id, id_profile, email, mobile_phone, show_phone \n\t\t\tFROM user_service.public.user_contacts WHERE email = $1","args":[""],"time":0.1563951,"rowCount":0,"pid":2869}
{"level":"error","ts":"2023-03-03T00:16:08.198+0300","caller":"service/utils.go:48","msg":"<nil>not found : map[email:]; sql: no rows in result set; ","stacktrace":"git.friends.com/PetLand/UserService/v2/internal/service.(*service).error\n\tD:/Course23/UserService/internal/service/utils.go:48\ngit.friends.com/PetLand/UserService/v2/internal/service.(*service).handleForgotPassword.func1\n\tD:/Course23/UserService/internal/service/clientHandlersFuncs.go:368\nnet/http.HandlerFunc.ServeHTTP\n\tD:/Go/src/net/http/server.go:2109\ngit.friends.com/PetLand/UserService/v2/internal/service.(*service).getRequestID.func1\n\tD:/Course23/UserService/internal/service/userService.go:93\nnet/http.HandlerFunc.ServeHTTP\n\tD:/Go/src/net/http/server.go:2109\ngithub.com/gorilla/mux.(*Router).ServeHTTP\n\tC:/Users/Елена/go/pkg/mod/github.com/gorilla/mux@v1.8.0/mux.go:210\nnet/http.serverHandler.ServeHTTP\n\tD:/Go/src/net/http/server.go:2947\nnet/http.(*conn).serve\n\tD:/Go/src/net/http/server.go:1991"}
{"level":"info","ts":"2023-03-03T00:19:08.044+0300","caller":"v4@v4.17.2/conn.go:354","msg":"closed connection","pid":2869}
{"level":"info","ts":"2023-03-03T00:49:04.072+0300","caller":"v4@v4.17.2/conn.go:354","msg":"Dialing PostgreSQL server","host":"79.137.198.139"}
{"level":"info","ts":"2023-03-03T00:49:04.479+0300","caller":"v4@v4.17.2/conn.go:354","msg":"Exec","sql":";","args":[],"time":0.0982573,"commandTag":"","pid":3007}
{"level":"info","ts":"2023-03-03T00:49:04.633+0300","caller":"v4@v4.17.2/conn.go:354","msg":"Query","rowCount":1,"pid":3007,"sql":"SELECT version, dirty FROM schema_migrations;","args":[],"time":0.153426}
{"level":"info","ts":"2023-03-03T00:49:09.641+0300","caller":"service/userService.go:58","msg":"Attempt to connect to APIGateway 1 of 3"}
{"level":"info","ts":"2023-03-03T00:49:09.652+0300","caller":"service/userService.go:73","msg":"Start to listen to{port 15 0 6001 <nil>}"}
{"level":"info","ts":"2023-03-03T00:49:18.540+0300","caller":"v4@v4.17.2/conn.go:354","msg":"Query","time":0.1522173,"rowCount":0,"pid":3007,"sql":"SELECT id, id_profile, email, mobile_phone, show_phone \n\t\t\tFROM user_service.public.user_contacts WHERE email = $1","args":[""]}
{"level":"error","ts":"2023-03-03T00:49:18.540+0300","caller":"service/utils.go:48","msg":"<nil>not found : map[email:]; sql: no rows in result set; ","stacktrace":"git.friends.com/PetLand/UserService/v2/internal/service.(*service).error\n\tD:/Course23/UserService/internal/service/utils.go:48\ngit.friends.com/PetLand/UserService/v2/internal/service.(*service).handleForgotPassword.func1\n\tD:/Course23/UserService/internal/service/clientHandlersFuncs.go:368\nnet/http.HandlerFunc.ServeHTTP\n\tD:/Go/src/net/http/server.go:2109\ngit.friends.com/PetLand/UserService/v2/internal/service.(*service).getRequestID.func1\n\tD:/Course23/UserService/internal/service/userService.go:93\nnet/http.HandlerFunc.ServeHTTP\n\tD:/Go/src/net/http/server.go:2109\ngithub.com/gorilla/mux.(*Router).ServeHTTP\n\tC:/Users/Елена/go/pkg/mod/github.com/gorilla/mux@v1.8.0/mux.go:210\nnet/http.serverHandler.ServeHTTP\n\tD:/Go/src/net/http/server.go:2947\nnet/http.(*conn).serve\n\tD:/Go/src/net/http/server.go:1991"}
{"level":"info","ts":"2023-03-03T00:52:04.481+0300","caller":"v4@v4.17.2/conn.go:354","msg":"closed connection","pid":3007}
{"level":"info","ts":"2023-03-03T00:55:09.322+0300","caller":"v4@v4.17.2/conn.go:354","msg":"Dialing PostgreSQL server","host":"79.137.198.139"}
{"level":"info","ts":"2023-03-03T00:55:09.714+0300","caller":"v4@v4.17.2/conn.go:354","msg":"Exec","commandTag":"","pid":3031,"sql":";","args":[],"time":0.0751277}
{"level":"info","ts":"2023-03-03T00:55:09.864+0300","caller":"v4@v4.17.2/conn.go:354","msg":"Query","time":0.149922,"rowCount":1,"pid":3031,"sql":"SELECT version, dirty FROM schema_migrations;","args":[]}
{"level":"info","ts":"2023-03-03T00:55:14.872+0300","caller":"service/userService.go:58","msg":"Attempt to connect to APIGateway 1 of 3"}
{"level":"info","ts":"2023-03-03T00:55:14.876+0300","caller":"service/userService.go:73","msg":"Start to listen to{port 15 0 6001 <nil>}"}
{"level":"info","ts":"2023-03-03T00:55:26.677+0300","caller":"v4@v4.17.2/conn.go:354","msg":"Query","sql":"SELECT id, id_profile, password_encoded, password_salt \nFROM user_service.public.user_data WHERE id_profile = $1","args":["15e878f2-e452-4e90-9048-b7cb60011292"],"time":0.1518275,"rowCount":1,"pid":3031}
{"level":"info","ts":"2023-03-03T00:55:26.885+0300","caller":"v4@v4.17.2/conn.go:354","msg":"Query","pid":3031,"sql":"UPDATE user_service.public.user_data SET password_encoded = $1, password_salt = $2 WHERE id_profile = $3","args":["$2a$10$UtieNVUTA1AN9z3QKppD7OxrW/r7GpzxqsS7nwizwMhbI05r778zy","Ir2OAGjrOy?LFOlXLRVQ3O9GSgD2KIFn2CQs%w5S5A*F5U#7l6BcBIa*5pUF","15e878f2-e452-4e90-9048-b7cb60011292"],"time":0.1536712,"rowCount":0}
{"level":"info","ts":"2023-03-03T00:57:28.486+0300","caller":"v4@v4.17.2/conn.go:354","msg":"Dialing PostgreSQL server","host":"79.137.198.139"}
{"level":"info","ts":"2023-03-03T00:57:28.888+0300","caller":"v4@v4.17.2/conn.go:354","msg":"Exec","pid":3042,"sql":";","args":[],"time":0.0900942,"commandTag":""}
{"level":"info","ts":"2023-03-03T00:57:29.038+0300","caller":"v4@v4.17.2/conn.go:354","msg":"Query","rowCount":1,"pid":3042,"sql":"SELECT version, dirty FROM schema_migrations;","args":[],"time":0.1499145}
{"level":"info","ts":"2023-03-03T00:57:34.051+0300","caller":"service/userService.go:58","msg":"Attempt to connect to APIGateway 1 of 3"}
{"level":"info","ts":"2023-03-03T00:57:34.055+0300","caller":"service/userService.go:73","msg":"Start to listen to{port 15 0 6001 <nil>}"}
{"level":"info","ts":"2023-03-03T00:58:03.048+0300","caller":"v4@v4.17.2/conn.go:354","msg":"Query","args":["15e878f2-e452-4e90-9048-b7cb60011292"],"time":0.1555316,"rowCount":1,"pid":3042,"sql":"SELECT id, id_profile, password_encoded, password_salt \nFROM user_service.public.user_data WHERE id_profile = $1"}
{"level":"info","ts":"2023-03-03T00:58:03.251+0300","caller":"v4@v4.17.2/conn.go:354","msg":"Query","sql":"UPDATE user_service.public.user_data SET password_encoded = $1, password_salt = $2 WHERE id_profile = $3","args":["$2a$10$iOWqme641TYT79F8/icMFOHemi5IwOdPBcwjMz.67yHzhAO5tdrWa","AgeaiM9mgPr@2uyLs8O0u4!WEep*35!2%uxkY%d1$jYpq4KkiRwB98j88z$M","15e878f2-e452-4e90-9048-b7cb60011292"],"time":0.1472707,"rowCount":0,"pid":3042}
{"level":"info","ts":"2023-03-03T00:58:57.268+0300","caller":"v4@v4.17.2/conn.go:354","msg":"Dialing PostgreSQL server","host":"79.137.198.139"}
{"level":"info","ts":"2023-03-03T00:58:57.747+0300","caller":"v4@v4.17.2/conn.go:354","msg":"Query","sql":"SELECT id, id_profile, password_encoded, password_salt \nFROM user_service.public.user_data WHERE id_profile = $1","args":["15e878f2-e452-4e90-9048-b7cb60011292"],"time":0.157647,"rowCount":1,"pid":3049}
{"level":"info","ts":"2023-03-03T00:58:57.963+0300","caller":"v4@v4.17.2/conn.go:354","msg":"Query","pid":3049,"sql":"UPDATE user_service.public.user_data SET password_encoded = $1, password_salt = $2 WHERE id_profile = $3","args":["$2a$10$tZjfGZp9fc46v5GDwntV1.MVyUF.pFyV6P7.gFtrmkBIPTxlPGXk6","MTg8tuh%onnpdfA%T!xw%uaI#QIEhPw5ptE3eF4GraPyW?zsG@#UZVJ0XOOt","15e878f2-e452-4e90-9048-b7cb60011292"],"time":0.1542054,"rowCount":0}
{"level":"info","ts":"2023-03-03T10:54:12.175+0300","caller":"v4@v4.17.2/conn.go:354","msg":"Dialing PostgreSQL server","host":"79.137.198.139"}
{"level":"info","ts":"2023-03-03T10:54:12.559+0300","caller":"v4@v4.17.2/conn.go:354","msg":"Exec","pid":5428,"sql":";","args":[],"time":0.0734964,"commandTag":""}
{"level":"info","ts":"2023-03-03T10:54:12.709+0300","caller":"v4@v4.17.2/conn.go:354","msg":"Query","args":[],"time":0.1488763,"rowCount":1,"pid":5428,"sql":"SELECT version, dirty FROM schema_migrations;"}
{"level":"info","ts":"2023-03-03T10:54:17.721+0300","caller":"service/userService.go:58","msg":"Attempt to connect to APIGateway 1 of 3"}
{"level":"info","ts":"2023-03-03T10:54:17.734+0300","caller":"service/userService.go:73","msg":"Start to listen to{port 15 0 6001 <nil>}"}
{"level":"info","ts":"2023-03-03T10:54:51.364+0300","caller":"v4@v4.17.2/conn.go:354","msg":"Query","sql":"SELECT id, id_profile, email, mobile_phone, show_phone \n\t\t\tFROM user_service.public.user_contacts WHERE email = $1","args":["lenkavorobuchek@mail.ru"],"time":0.1497745,"rowCount":1,"pid":5428}
{"level":"info","ts":"2023-03-03T10:56:27.126+0300","caller":"v4@v4.17.2/conn.go:354","msg":"Dialing PostgreSQL server","host":"79.137.198.139"}
{"level":"info","ts":"2023-03-03T10:56:27.490+0300","caller":"v4@v4.17.2/conn.go:354","msg":"Exec","sql":";","args":[],"time":0.0731987,"commandTag":"","pid":5438}
{"level":"info","ts":"2023-03-03T10:56:27.632+0300","caller":"v4@v4.17.2/conn.go:354","msg":"Query","sql":"SELECT version, dirty FROM schema_migrations;","args":[],"time":0.141357,"rowCount":1,"pid":5438}
{"level":"info","ts":"2023-03-03T10:56:32.647+0300","caller":"service/userService.go:58","msg":"Attempt to connect to APIGateway 1 of 3"}
{"level":"info","ts":"2023-03-03T10:56:32.650+0300","caller":"service/userService.go:73","msg":"Start to listen to{port 15 0 6001 <nil>}"}
{"level":"info","ts":"2023-03-03T10:56:37.643+0300","caller":"v4@v4.17.2/conn.go:354","msg":"Query","time":0.1421416,"rowCount":1,"pid":5438,"sql":"SELECT id, id_profile, email, mobile_phone, show_phone \n\t\t\tFROM user_service.public.user_contacts WHERE email = $1","args":["lenkavorobuchek@mail.ru"]}
{"level":"info","ts":"2023-03-03T10:59:27.496+0300","caller":"v4@v4.17.2/conn.go:354","msg":"closed connection","pid":5438}
{"level":"info","ts":"2023-03-03T11:07:20.248+0300","caller":"v4@v4.17.2/conn.go:354","msg":"Dialing PostgreSQL server","host":"79.137.198.139"}
{"level":"info","ts":"2023-03-03T11:07:20.627+0300","caller":"v4@v4.17.2/conn.go:354","msg":"Exec","args":[],"time":0.0793023,"commandTag":"","pid":5481,"sql":";"}
{"level":"info","ts":"2023-03-03T11:07:20.779+0300","caller":"v4@v4.17.2/conn.go:354","msg":"Query","pid":5481,"sql":"SELECT version, dirty FROM schema_migrations;","args":[],"time":0.1514127,"rowCount":1}
{"level":"info","ts":"2023-03-03T11:07:25.781+0300","caller":"service/userService.go:58","msg":"Attempt to connect to APIGateway 1 of 3"}
{"level":"info","ts":"2023-03-03T11:07:25.785+0300","caller":"service/userService.go:73","msg":"Start to listen to{port 15 0 6001 <nil>}"}
{"level":"info","ts":"2023-03-03T11:07:26.559+0300","caller":"v4@v4.17.2/conn.go:354","msg":"Query","sql":"SELECT id, id_profile, email, mobile_phone, show_phone \n\t\t\tFROM user_service.public.user_contacts WHERE email = $1","args":["lenkavorobuchek@mail.ru"],"time":0.1451202,"rowCount":1,"pid":5481}
{"level":"info","ts":"2023-03-03T11:10:20.642+0300","caller":"v4@v4.17.2/conn.go:354","msg":"closed connection","pid":5481}
{"level":"info","ts":"2023-03-03T11:11:28.834+0300","caller":"v4@v4.17.2/conn.go:354","msg":"Dialing PostgreSQL server","host":"79.137.198.139"}
{"level":"info","ts":"2023-03-03T11:11:29.205+0300","caller":"v4@v4.17.2/conn.go:354","msg":"Exec","sql":";","args":[],"time":0.0708256,"commandTag":"","pid":5499}
{"level":"info","ts":"2023-03-03T11:11:29.350+0300","caller":"v4@v4.17.2/conn.go:354","msg":"Query","pid":5499,"sql":"SELECT version, dirty FROM schema_migrations;","args":[],"time":0.1445732,"rowCount":1}
{"level":"info","ts":"2023-03-03T11:12:09.657+0300","caller":"v4@v4.17.2/conn.go:354","msg":"Dialing PostgreSQL server","host":"79.137.198.139"}
{"level":"info","ts":"2023-03-03T11:12:10.131+0300","caller":"v4@v4.17.2/conn.go:354","msg":"Exec","pid":5502,"sql":";","args":[],"time":0.1063433,"commandTag":""}
{"level":"info","ts":"2023-03-03T11:12:10.354+0300","caller":"v4@v4.17.2/conn.go:354","msg":"Query","pid":5502,"sql":"SELECT version, dirty FROM schema_migrations;","args":[],"time":0.2217698,"rowCount":1}
{"level":"info","ts":"2023-03-03T11:12:15.366+0300","caller":"service/userService.go:58","msg":"Attempt to connect to APIGateway 1 of 3"}
{"level":"info","ts":"2023-03-03T11:12:15.370+0300","caller":"service/userService.go:73","msg":"Start to listen to{port 15 0 6001 <nil>}"}
{"level":"info","ts":"2023-03-03T11:12:18.301+0300","caller":"v4@v4.17.2/conn.go:354","msg":"Query","args":["lenkavorobuchek@mail.ru"],"time":0.1518299,"rowCount":1,"pid":5502,"sql":"SELECT id, id_profile, email, mobile_phone, show_phone \n\t\t\tFROM user_service.public.user_contacts WHERE email = $1"}
