{"level":"info","ts":"2022-12-20T17:29:31.690+0300","caller":"v4@v4.17.2/conn.go:354","msg":"Dialing PostgreSQL server","host":"localhost"}
{"level":"error","ts":"2022-12-20T17:29:35.783+0300","caller":"v4@v4.17.2/conn.go:354","msg":"connect failed","err":"failed to connect to `host=localhost user=postgres database=user_service`: dial error (dial tcp 127.0.0.1:5420: connectex: No connection could be made because the target machine actively refused it.)","stacktrace":"github.com/jackc/pgx/v4.(*Conn).log\n\tC:/Users/alext/go/pkg/mod/github.com/jackc/pgx/v4@v4.17.2/conn.go:354\ngithub.com/jackc/pgx/v4.connect\n\tC:/Users/alext/go/pkg/mod/github.com/jackc/pgx/v4@v4.17.2/conn.go:225\ngithub.com/jackc/pgx/v4.ConnectConfig\n\tC:/Users/alext/go/pkg/mod/github.com/jackc/pgx/v4@v4.17.2/conn.go:113\ngithub.com/jackc/pgx/v4/stdlib.(*driverConnector).Connect\n\tC:/Users/alext/go/pkg/mod/github.com/jackc/pgx/v4@v4.17.2/stdlib/sql.go:285\ndatabase/sql.(*DB).conn\n\tC:/Program Files/Go/src/database/sql/sql.go:1395\ndatabase/sql.(*DB).PingContext\n\tC:/Program Files/Go/src/database/sql/sql.go:853\ndatabase/sql.(*DB).Ping\n\tC:/Program Files/Go/src/database/sql/sql.go:875\ngit.friends.com/PetLand/UserService/v2/internal/store/db.NewDB\n\tC:/Users/alext/git.friends.com/PetLand/UserService/internal/store/db/dbutil.go:46\ngit.friends.com/PetLand/UserService/v2/internal/service.(*service).Start\n\tC:/Users/alext/git.friends.com/PetLand/UserService/internal/service/userService.go:38\nmain.main\n\tC:/Users/alext/git.friends.com/PetLand/UserService/cmd/main.go:15\nruntime.main\n\tC:/Program Files/Go/src/runtime/proc.go:250"}
{"level":"fatal","ts":"2022-12-20T17:29:35.788+0300","caller":"service/userService.go:40","msg":"Can't initialize connection to database{error 26 0  Unavailable resource}","stacktrace":"git.friends.com/PetLand/UserService/v2/internal/service.(*service).Start\n\tC:/Users/alext/git.friends.com/PetLand/UserService/internal/service/userService.go:40\nmain.main\n\tC:/Users/alext/git.friends.com/PetLand/UserService/cmd/main.go:15\nruntime.main\n\tC:/Program Files/Go/src/runtime/proc.go:250"}
{"level":"info","ts":"2022-12-20T17:30:33.882+0300","caller":"v4@v4.17.2/conn.go:354","msg":"Dialing PostgreSQL server","host":"localhost"}
{"level":"info","ts":"2022-12-20T17:30:33.934+0300","caller":"v4@v4.17.2/conn.go:354","msg":"Exec","sql":";","args":[],"time":0.0044315,"commandTag":"","pid":32}
{"level":"info","ts":"2022-12-20T17:30:33.955+0300","caller":"v4@v4.17.2/conn.go:354","msg":"Query","time":0.0197839,"rowCount":1,"pid":32,"sql":"SELECT version, dirty FROM schema_migrations;","args":[]}
{"level":"info","ts":"2022-12-20T17:30:42.036+0300","caller":"v4@v4.17.2/conn.go:354","msg":"Exec","sql":"begin","args":[],"time":0.0040137,"commandTag":"BEGIN","pid":32}
{"level":"info","ts":"2022-12-20T17:30:42.052+0300","caller":"v4@v4.17.2/conn.go:354","msg":"Exec","commandTag":"INSERT 0 1","pid":32,"sql":"INSERT INTO  public.user_profile (id, first_name, sur_name, status) VALUES ($1, $2, $3, $4);","args":["772b843f-106b-4df1-bd68-504697e3ea4d","Bob","Burnquist",0],"time":0.0146345}
{"level":"info","ts":"2022-12-20T17:30:42.079+0300","caller":"v4@v4.17.2/conn.go:354","msg":"Exec","sql":"INSERT INTO  public.user_data (id_profile, password_encoded, password_salt) VALUES ($1, $2, $3);","args":["772b843f-106b-4df1-bd68-504697e3ea4d","$2a$10$RVSHYRmB6T8OyQPxiupFtOTzcvPkWFy.csxIr6CrYg5GPaFhKTYWK","Fu!vo5#PNYR%mkioMn9g$@#Z2$kfyL?RVM#Pe3#FSO5em2SL?hjU!RishozU"],"time":0.026364,"commandTag":"INSERT 0 1","pid":32}
{"level":"info","ts":"2022-12-20T17:30:42.088+0300","caller":"v4@v4.17.2/conn.go:354","msg":"Query","time":0.0081341,"rowCount":0,"pid":32,"sql":"INSERT INTO  public.user_contacts (id_profile, email, mobile_phone, \n\t\t\temail_subscription, show_phone) VALUES ($1, $2, $3, $4, $5);","args":["772b843f-106b-4df1-bd68-504697e3ea4d","hugeballs@gmail.com","89301243874",false,true]}
{"level":"info","ts":"2022-12-20T17:30:42.094+0300","caller":"v4@v4.17.2/conn.go:354","msg":"Exec","sql":"commit","args":[],"time":0.0045401,"commandTag":"COMMIT","pid":32}
{"level":"info","ts":"2022-12-20T21:08:45.123+0300","caller":"v4@v4.17.2/conn.go:354","msg":"Dialing PostgreSQL server","host":"localhost"}
{"level":"info","ts":"2022-12-20T21:08:45.207+0300","caller":"v4@v4.17.2/conn.go:354","msg":"Exec","sql":";","args":[],"time":0.0045786,"commandTag":"","pid":117}
{"level":"info","ts":"2022-12-20T21:08:45.227+0300","caller":"v4@v4.17.2/conn.go:354","msg":"Query","time":0.0192434,"rowCount":1,"pid":117,"sql":"SELECT version, dirty FROM schema_migrations;","args":[]}
{"level":"info","ts":"2022-12-20T21:08:52.078+0300","caller":"v4@v4.17.2/conn.go:354","msg":"Query","pid":117,"sql":"SELECT EXISTS (SELECT * FROM public.user_contacts WHERE email = $1)","args":["hugeballs@gmail.com"],"time":0.0290179,"rowCount":1}
{"level":"error","ts":"2022-12-20T21:08:52.079+0300","caller":"service/utils.go:58","msg":"<nil>error working with repository; failed to Scan structure; expected struct but got bool; ","stacktrace":"git.friends.com/PetLand/UserService/v2/internal/service.(*service).error\n\tC:/Users/alext/git.friends.com/PetLand/UserService/internal/service/utils.go:58\ngit.friends.com/PetLand/UserService/v2/internal/service.(*service).handleCreteNewUser.func1\n\tC:/Users/alext/git.friends.com/PetLand/UserService/internal/service/clientHandlersFuncs.go:69\nnet/http.HandlerFunc.ServeHTTP\n\tC:/Program Files/Go/src/net/http/server.go:2084\ngit.friends.com/PetLand/UserService/v2/internal/service.(*service).getRequestID.func1\n\tC:/Users/alext/git.friends.com/PetLand/UserService/internal/service/userService.go:86\nnet/http.HandlerFunc.ServeHTTP\n\tC:/Program Files/Go/src/net/http/server.go:2084\ngithub.com/gorilla/mux.(*Router).ServeHTTP\n\tC:/Users/alext/go/pkg/mod/github.com/gorilla/mux@v1.8.0/mux.go:210\nnet/http.serverHandler.ServeHTTP\n\tC:/Program Files/Go/src/net/http/server.go:2916\nnet/http.(*conn).serve\n\tC:/Program Files/Go/src/net/http/server.go:1966"}
{"level":"info","ts":"2022-12-20T21:10:44.618+0300","caller":"v4@v4.17.2/conn.go:354","msg":"Dialing PostgreSQL server","host":"localhost"}
{"level":"info","ts":"2022-12-20T21:10:44.643+0300","caller":"v4@v4.17.2/conn.go:354","msg":"Exec","sql":";","args":[],"time":0.0018941,"commandTag":"","pid":120}
{"level":"info","ts":"2022-12-20T21:10:44.649+0300","caller":"v4@v4.17.2/conn.go:354","msg":"Query","pid":120,"sql":"SELECT version, dirty FROM schema_migrations;","args":[],"time":0.0055561,"rowCount":1}
{"level":"info","ts":"2022-12-20T21:10:52.647+0300","caller":"v4@v4.17.2/conn.go:354","msg":"Query","sql":"SELECT EXISTS (SELECT * FROM public.user_contacts WHERE email = $1)","args":["hugeballs@gmail.com"],"time":0.007626,"rowCount":1,"pid":120}
{"level":"info","ts":"2022-12-20T21:10:52.736+0300","caller":"v4@v4.17.2/conn.go:354","msg":"Exec","args":[],"time":0.0020043,"commandTag":"BEGIN","pid":120,"sql":"begin"}
{"level":"info","ts":"2022-12-20T21:10:52.748+0300","caller":"v4@v4.17.2/conn.go:354","msg":"Exec","time":0.0111126,"commandTag":"INSERT 0 1","pid":120,"sql":"INSERT INTO  public.user_profile (id, first_name, sur_name, status) VALUES ($1, $2, $3, $4);","args":["8b2bc649-99a1-4606-8304-46e169b59695","Bob","Burnquist",0]}
{"level":"info","ts":"2022-12-20T21:10:52.765+0300","caller":"v4@v4.17.2/conn.go:354","msg":"Exec","sql":"INSERT INTO  public.user_data (id_profile, password_encoded, password_salt) VALUES ($1, $2, $3);","args":["8b2bc649-99a1-4606-8304-46e169b59695","$2a$10$BRghnYSNcOMp03RAPpExxeM9RUUgYsIkrdNULEgtZys7nWJLDaxVa","Mlbnq@0uRMd7dZb$gpZM#Bd!GLgAa2DWVJamDi!dmYFI4*lBaMa%?0xuS1Fn"],"time":0.0161666,"commandTag":"INSERT 0 1","pid":120}
{"level":"info","ts":"2022-12-20T21:10:52.773+0300","caller":"v4@v4.17.2/conn.go:354","msg":"Query","rowCount":0,"pid":120,"sql":"INSERT INTO  public.user_contacts (id_profile, email, mobile_phone, \n\t\t\temail_subscription, show_phone) VALUES ($1, $2, $3, $4, $5);","args":["8b2bc649-99a1-4606-8304-46e169b59695","hugeballs@gmail.com","89301243874",false,true],"time":0.005895}
{"level":"info","ts":"2022-12-20T21:10:52.781+0300","caller":"v4@v4.17.2/conn.go:354","msg":"Exec","args":[],"time":0.0075624,"commandTag":"COMMIT","pid":120,"sql":"commit"}
{"level":"info","ts":"2022-12-20T21:12:03.147+0300","caller":"v4@v4.17.2/conn.go:354","msg":"Dialing PostgreSQL server","host":"localhost"}
{"level":"info","ts":"2022-12-20T21:12:03.181+0300","caller":"v4@v4.17.2/conn.go:354","msg":"Exec","args":[],"time":0.0014679,"commandTag":"","pid":122,"sql":";"}
{"level":"info","ts":"2022-12-20T21:12:03.188+0300","caller":"v4@v4.17.2/conn.go:354","msg":"Query","sql":"SELECT version, dirty FROM schema_migrations;","args":[],"time":0.0057028,"rowCount":1,"pid":122}
{"level":"info","ts":"2022-12-20T21:12:06.903+0300","caller":"v4@v4.17.2/conn.go:354","msg":"Query","pid":122,"sql":"SELECT EXISTS (SELECT * FROM public.user_contacts WHERE email = $1)","args":["hugeballs@gmail.com"],"time":0.0079596,"rowCount":1}
{"level":"info","ts":"2022-12-20T21:12:44.916+0300","caller":"v4@v4.17.2/conn.go:354","msg":"Dialing PostgreSQL server","host":"localhost"}
{"level":"info","ts":"2022-12-20T21:12:44.944+0300","caller":"v4@v4.17.2/conn.go:354","msg":"Exec","sql":";","args":[],"time":0.0017862,"commandTag":"","pid":124}
{"level":"info","ts":"2022-12-20T21:12:44.950+0300","caller":"v4@v4.17.2/conn.go:354","msg":"Query","sql":"SELECT version, dirty FROM schema_migrations;","args":[],"time":0.0055078,"rowCount":1,"pid":124}
{"level":"info","ts":"2022-12-20T21:12:50.600+0300","caller":"v4@v4.17.2/conn.go:354","msg":"Query","sql":"SELECT EXISTS (SELECT * FROM public.user_contacts WHERE email = $1)","args":["hugeballs@gmail.com"],"time":0.0069631,"rowCount":1,"pid":124}
