{"level":"info","ts":"2023-03-01T21:21:52.642+0300","caller":"v4@v4.17.2/conn.go:354","msg":"Dialing PostgreSQL server","host":""}
{"level":"error","ts":"2023-03-01T21:21:52.642+0300","caller":"v4@v4.17.2/conn.go:354","msg":"connect failed","err":"failed to connect to `host= user=password= database=sslmode=disable`: hostname resolving error (lookup : no such host)","stacktrace":"github.com/jackc/pgx/v4.(*Conn).log\n\t/home/rodmul/go/pkg/mod/github.com/jackc/pgx/v4@v4.17.2/conn.go:354\ngithub.com/jackc/pgx/v4.connect\n\t/home/rodmul/go/pkg/mod/github.com/jackc/pgx/v4@v4.17.2/conn.go:225\ngithub.com/jackc/pgx/v4.ConnectConfig\n\t/home/rodmul/go/pkg/mod/github.com/jackc/pgx/v4@v4.17.2/conn.go:113\ngithub.com/jackc/pgx/v4/stdlib.(*driverConnector).Connect\n\t/home/rodmul/go/pkg/mod/github.com/jackc/pgx/v4@v4.17.2/stdlib/sql.go:285\ndatabase/sql.(*DB).conn\n\t/usr/lib/go-1.18/src/database/sql/sql.go:1395\ndatabase/sql.(*DB).PingContext\n\t/usr/lib/go-1.18/src/database/sql/sql.go:853\ndatabase/sql.(*DB).Ping\n\t/usr/lib/go-1.18/src/database/sql/sql.go:875\ngit.friends.com/PetLand/UserService/v2/internal/store/db.NewDB\n\t/home/rodmul/GolandProjects/github.com/Petland/UserService/internal/store/db/dbutil.go:46\ngit.friends.com/PetLand/UserService/v2/internal/service.(*service).Start\n\t/home/rodmul/GolandProjects/github.com/Petland/UserService/internal/service/userService.go:46\nmain.main\n\t/home/rodmul/GolandProjects/github.com/Petland/UserService/cmd/main.go:15\nruntime.main\n\t/usr/lib/go-1.18/src/runtime/proc.go:250"}
{"level":"fatal","ts":"2023-03-01T21:21:52.642+0300","caller":"service/userService.go:48","msg":"Can't initialize connection to database{error 26 0  Unavailable resource}","stacktrace":"git.friends.com/PetLand/UserService/v2/internal/service.(*service).Start\n\t/home/rodmul/GolandProjects/github.com/Petland/UserService/internal/service/userService.go:48\nmain.main\n\t/home/rodmul/GolandProjects/github.com/Petland/UserService/cmd/main.go:15\nruntime.main\n\t/usr/lib/go-1.18/src/runtime/proc.go:250"}
{"level":"info","ts":"2023-03-01T21:23:10.825+0300","caller":"v4@v4.17.2/conn.go:354","msg":"Dialing PostgreSQL server","host":"79.137.198.139"}
{"level":"info","ts":"2023-03-01T21:23:11.350+0300","caller":"v4@v4.17.2/conn.go:354","msg":"Exec","sql":";","args":[],"time":0.105444859,"commandTag":"","pid":47161}
{"level":"info","ts":"2023-03-01T21:23:11.658+0300","caller":"v4@v4.17.2/conn.go:354","msg":"Query","sql":"SELECT version, dirty FROM schema_migrations;","args":[],"time":0.307162452,"rowCount":1,"pid":47161}
{"level":"info","ts":"2023-03-01T21:23:16.662+0300","caller":"service/userService.go:58","msg":"Attempt to connect to APIGateway 1 of 3"}
{"level":"info","ts":"2023-03-01T21:23:16.664+0300","caller":"service/userService.go:73","msg":"Start to listen to{port 15 0 6001 <nil>}"}
{"level":"info","ts":"2023-03-01T21:24:34.857+0300","caller":"v4@v4.17.2/conn.go:354","msg":"Dialing PostgreSQL server","host":"79.137.198.139"}
{"level":"info","ts":"2023-03-01T21:24:35.521+0300","caller":"v4@v4.17.2/conn.go:354","msg":"Exec","pid":47166,"sql":";","args":[],"time":0.199382025,"commandTag":""}
{"level":"info","ts":"2023-03-01T21:24:35.829+0300","caller":"v4@v4.17.2/conn.go:354","msg":"Query","args":[],"time":0.307054924,"rowCount":1,"pid":47166,"sql":"SELECT version, dirty FROM schema_migrations;"}
{"level":"info","ts":"2023-03-01T21:24:40.831+0300","caller":"service/userService.go:58","msg":"Attempt to connect to APIGateway 1 of 3"}
{"level":"info","ts":"2023-03-01T21:25:13.846+0300","caller":"service/userService.go:73","msg":"Start to listen to{port 15 0 6001 <nil>}"}
{"level":"info","ts":"2023-03-01T21:31:37.395+0300","caller":"v4@v4.17.2/conn.go:354","msg":"Dialing PostgreSQL server","host":"79.137.198.139"}
{"level":"info","ts":"2023-03-01T21:31:38.343+0300","caller":"v4@v4.17.2/conn.go:354","msg":"Exec","args":[],"time":0.513796289,"commandTag":"","pid":47188,"sql":";"}
{"level":"info","ts":"2023-03-01T21:31:38.751+0300","caller":"v4@v4.17.2/conn.go:354","msg":"Query","sql":"SELECT version, dirty FROM schema_migrations;","args":[],"time":0.40744598,"rowCount":1,"pid":47188}
{"level":"info","ts":"2023-03-01T21:31:43.752+0300","caller":"service/userService.go:58","msg":"Attempt to connect to APIGateway 1 of 3"}
{"level":"info","ts":"2023-03-01T21:31:48.758+0300","caller":"service/userService.go:58","msg":"Attempt to connect to APIGateway 2 of 3"}
{"level":"info","ts":"2023-03-01T21:33:00.657+0300","caller":"v4@v4.17.2/conn.go:354","msg":"Dialing PostgreSQL server","host":"79.137.198.139"}
{"level":"info","ts":"2023-03-01T21:33:27.022+0300","caller":"v4@v4.17.2/conn.go:354","msg":"Dialing PostgreSQL server","host":"79.137.198.139"}
{"level":"info","ts":"2023-03-01T21:33:28.018+0300","caller":"v4@v4.17.2/conn.go:354","msg":"Exec","sql":";","args":[],"time":0.29497698,"commandTag":"","pid":47195}
{"level":"info","ts":"2023-03-01T21:33:28.424+0300","caller":"v4@v4.17.2/conn.go:354","msg":"Query","time":0.403535176,"rowCount":1,"pid":47195,"sql":"SELECT version, dirty FROM schema_migrations;","args":[]}
{"level":"info","ts":"2023-03-01T21:33:33.427+0300","caller":"service/userService.go:58","msg":"Attempt to connect to APIGateway 1 of 3"}
{"level":"info","ts":"2023-03-01T21:34:07.265+0300","caller":"v4@v4.17.2/conn.go:354","msg":"Dialing PostgreSQL server","host":"79.137.198.139"}
{"level":"info","ts":"2023-03-01T21:34:07.952+0300","caller":"v4@v4.17.2/conn.go:354","msg":"Exec","sql":";","args":[],"time":0.140599243,"commandTag":"","pid":47198}
{"level":"info","ts":"2023-03-01T21:34:08.157+0300","caller":"v4@v4.17.2/conn.go:354","msg":"Query","rowCount":1,"pid":47198,"sql":"SELECT version, dirty FROM schema_migrations;","args":[],"time":0.204261198}
{"level":"info","ts":"2023-03-01T21:34:13.157+0300","caller":"service/userService.go:58","msg":"Attempt to connect to APIGateway 1 of 3"}
{"level":"info","ts":"2023-03-01T21:34:31.670+0300","caller":"v4@v4.17.2/conn.go:354","msg":"Dialing PostgreSQL server","host":"localhost"}
{"level":"info","ts":"2023-03-01T21:34:31.695+0300","caller":"v4@v4.17.2/conn.go:354","msg":"Exec","commandTag":"","pid":92,"sql":";","args":[],"time":0.000207862}
{"level":"info","ts":"2023-03-01T21:34:31.700+0300","caller":"v4@v4.17.2/conn.go:354","msg":"Query","sql":"SELECT version, dirty FROM schema_migrations;","args":[],"time":0.004890839,"rowCount":1,"pid":92}
{"level":"info","ts":"2023-03-01T21:34:36.704+0300","caller":"service/userService.go:58","msg":"Attempt to connect to APIGateway 1 of 3"}
{"level":"info","ts":"2023-03-01T21:34:41.707+0300","caller":"service/userService.go:58","msg":"Attempt to connect to APIGateway 2 of 3"}
{"level":"info","ts":"2023-03-01T21:36:54.176+0300","caller":"v4@v4.17.2/conn.go:354","msg":"Dialing PostgreSQL server","host":"localhost"}
{"level":"info","ts":"2023-03-01T21:36:54.199+0300","caller":"v4@v4.17.2/conn.go:354","msg":"Exec","sql":";","args":[],"time":0.000344961,"commandTag":"","pid":97}
{"level":"info","ts":"2023-03-01T21:36:54.201+0300","caller":"v4@v4.17.2/conn.go:354","msg":"Query","args":[],"time":0.001636488,"rowCount":1,"pid":97,"sql":"SELECT version, dirty FROM schema_migrations;"}
{"level":"info","ts":"2023-03-01T21:36:59.203+0300","caller":"service/userService.go:58","msg":"Attempt to connect to APIGateway 1 of 3"}
{"level":"info","ts":"2023-03-01T21:43:38.923+0300","caller":"v4@v4.17.2/conn.go:354","msg":"Dialing PostgreSQL server","host":"79.137.198.139"}
{"level":"info","ts":"2023-03-01T21:43:39.440+0300","caller":"v4@v4.17.2/conn.go:354","msg":"Exec","pid":47228,"sql":";","args":[],"time":0.099120873,"commandTag":""}
{"level":"info","ts":"2023-03-01T21:43:39.751+0300","caller":"v4@v4.17.2/conn.go:354","msg":"Query","sql":"SELECT version, dirty FROM schema_migrations;","args":[],"time":0.310307563,"rowCount":1,"pid":47228}
{"level":"info","ts":"2023-03-01T21:43:44.755+0300","caller":"service/userService.go:58","msg":"Attempt to connect to APIGateway 1 of 3"}
{"level":"info","ts":"2023-03-01T21:43:49.760+0300","caller":"service/userService.go:58","msg":"Attempt to connect to APIGateway 2 of 3"}
{"level":"info","ts":"2023-03-01T21:46:10.070+0300","caller":"v4@v4.17.2/conn.go:354","msg":"Dialing PostgreSQL server","host":"79.137.198.139"}
{"level":"info","ts":"2023-03-01T21:46:10.883+0300","caller":"v4@v4.17.2/conn.go:354","msg":"Exec","args":[],"time":0.204586408,"commandTag":"","pid":47239,"sql":";"}
{"level":"info","ts":"2023-03-01T21:46:11.190+0300","caller":"v4@v4.17.2/conn.go:354","msg":"Query","sql":"SELECT version, dirty FROM schema_migrations;","args":[],"time":0.306644264,"rowCount":1,"pid":47239}
{"level":"info","ts":"2023-03-01T21:46:16.193+0300","caller":"service/userService.go:58","msg":"Attempt to connect to APIGateway 1 of 3"}
{"level":"info","ts":"2023-03-01T21:47:04.333+0300","caller":"v4@v4.17.2/conn.go:354","msg":"Dialing PostgreSQL server","host":"79.137.198.139"}
{"level":"info","ts":"2023-03-01T21:47:05.059+0300","caller":"v4@v4.17.2/conn.go:354","msg":"Exec","args":[],"time":0.102538415,"commandTag":"","pid":47242,"sql":";"}
{"level":"info","ts":"2023-03-01T21:47:05.465+0300","caller":"v4@v4.17.2/conn.go:354","msg":"Query","sql":"SELECT version, dirty FROM schema_migrations;","args":[],"time":0.406281169,"rowCount":1,"pid":47242}
{"level":"info","ts":"2023-03-01T21:47:10.470+0300","caller":"service/userService.go:58","msg":"Attempt to connect to APIGateway 1 of 3"}
{"level":"info","ts":"2023-03-01T21:53:17.378+0300","caller":"v4@v4.17.2/conn.go:354","msg":"Dialing PostgreSQL server","host":"79.137.198.139"}
{"level":"info","ts":"2023-03-01T21:53:18.392+0300","caller":"v4@v4.17.2/conn.go:354","msg":"Exec","sql":";","args":[],"time":0.105625345,"commandTag":"","pid":47262}
{"level":"info","ts":"2023-03-01T21:53:19.021+0300","caller":"v4@v4.17.2/conn.go:354","msg":"Query","sql":"SELECT version, dirty FROM schema_migrations;","args":[],"time":0.628430322,"rowCount":1,"pid":47262}
{"level":"info","ts":"2023-03-01T21:53:24.023+0300","caller":"service/userService.go:58","msg":"Attempt to connect to APIGateway 1 of 3"}
{"level":"info","ts":"2023-03-01T21:53:24.026+0300","caller":"service/userService.go:73","msg":"Start to listen to{port 15 0 6001 <nil>}"}
{"level":"info","ts":"2023-03-01T21:54:15.979+0300","caller":"v4@v4.17.2/conn.go:354","msg":"Dialing PostgreSQL server","host":"localhost"}
{"level":"info","ts":"2023-03-01T21:54:15.988+0300","caller":"v4@v4.17.2/conn.go:354","msg":"Exec","commandTag":"","pid":133,"sql":";","args":[],"time":0.000171593}
{"level":"info","ts":"2023-03-01T21:54:15.989+0300","caller":"v4@v4.17.2/conn.go:354","msg":"Query","sql":"SELECT version, dirty FROM schema_migrations;","args":[],"time":0.00101456,"rowCount":1,"pid":133}
{"level":"info","ts":"2023-03-01T21:54:20.991+0300","caller":"service/userService.go:58","msg":"Attempt to connect to APIGateway 1 of 3"}
{"level":"info","ts":"2023-03-01T21:54:20.993+0300","caller":"service/userService.go:73","msg":"Start to listen to{port 15 0 6001 <nil>}"}
{"level":"info","ts":"2023-03-01T22:10:31.091+0300","caller":"v4@v4.17.2/conn.go:354","msg":"Dialing PostgreSQL server","host":"localhost"}
{"level":"info","ts":"2023-03-01T22:10:31.100+0300","caller":"v4@v4.17.2/conn.go:354","msg":"Exec","sql":";","args":[],"time":0.000175632,"commandTag":"","pid":167}
{"level":"info","ts":"2023-03-01T22:10:31.101+0300","caller":"v4@v4.17.2/conn.go:354","msg":"Query","args":[],"time":0.000959766,"rowCount":1,"pid":167,"sql":"SELECT version, dirty FROM schema_migrations;"}
{"level":"info","ts":"2023-03-01T22:10:36.103+0300","caller":"service/userService.go:58","msg":"Attempt to connect to APIGateway 1 of 3"}
{"level":"info","ts":"2023-03-01T22:10:36.105+0300","caller":"service/userService.go:73","msg":"Start to listen to{port 15 0 6001 <nil>}"}
{"level":"info","ts":"2023-03-01T22:20:59.655+0300","caller":"v4@v4.17.2/conn.go:354","msg":"Dialing PostgreSQL server","host":"localhost"}
{"level":"info","ts":"2023-03-01T22:20:59.673+0300","caller":"v4@v4.17.2/conn.go:354","msg":"Exec","sql":";","args":[],"time":0.00032731,"commandTag":"","pid":189}
{"level":"info","ts":"2023-03-01T22:20:59.675+0300","caller":"v4@v4.17.2/conn.go:354","msg":"Query","sql":"SELECT version, dirty FROM schema_migrations;","args":[],"time":0.001694099,"rowCount":1,"pid":189}
{"level":"info","ts":"2023-03-01T22:21:04.679+0300","caller":"service/userService.go:58","msg":"Attempt to connect to APIGateway 1 of 3"}
{"level":"info","ts":"2023-03-01T22:21:16.952+0300","caller":"service/userService.go:73","msg":"Start to listen to{port 15 0 6001 <nil>}"}
{"level":"info","ts":"2023-03-01T22:27:12.084+0300","caller":"v4@v4.17.2/conn.go:354","msg":"Dialing PostgreSQL server","host":"79.137.198.139"}
{"level":"info","ts":"2023-03-01T22:27:12.678+0300","caller":"v4@v4.17.2/conn.go:354","msg":"Exec","sql":";","args":[],"time":0.102416325,"commandTag":"","pid":47373}
{"level":"info","ts":"2023-03-01T22:27:13.084+0300","caller":"v4@v4.17.2/conn.go:354","msg":"Query","rowCount":1,"pid":47373,"sql":"SELECT version, dirty FROM schema_migrations;","args":[],"time":0.405167147}
{"level":"info","ts":"2023-03-01T22:27:18.087+0300","caller":"service/userService.go:58","msg":"Attempt to connect to APIGateway 1 of 3"}
{"level":"info","ts":"2023-03-01T22:27:18.089+0300","caller":"service/userService.go:73","msg":"Start to listen to{port 15 0 6001 <nil>}"}
{"level":"info","ts":"2023-03-01T22:28:03.579+0300","caller":"v4@v4.17.2/conn.go:354","msg":"Dialing PostgreSQL server","host":"79.137.198.139"}
{"level":"info","ts":"2023-03-01T22:28:04.290+0300","caller":"v4@v4.17.2/conn.go:354","msg":"Exec","commandTag":"","pid":47376,"sql":";","args":[],"time":0.207940049}
{"level":"info","ts":"2023-03-01T22:28:04.594+0300","caller":"v4@v4.17.2/conn.go:354","msg":"Query","pid":47376,"sql":"SELECT version, dirty FROM schema_migrations;","args":[],"time":0.303554949,"rowCount":1}
{"level":"info","ts":"2023-03-01T22:28:09.595+0300","caller":"service/userService.go:58","msg":"Attempt to connect to APIGateway 1 of 3"}
{"level":"info","ts":"2023-03-01T22:28:13.671+0300","caller":"service/userService.go:73","msg":"Start to listen to{port 15 0 6001 <nil>}"}
{"level":"info","ts":"2023-03-01T22:29:04.767+0300","caller":"v4@v4.17.2/conn.go:354","msg":"Dialing PostgreSQL server","host":"79.137.198.139"}
{"level":"info","ts":"2023-03-01T22:29:05.627+0300","caller":"v4@v4.17.2/conn.go:354","msg":"Exec","time":0.201423128,"commandTag":"","pid":47380,"sql":";","args":[]}
{"level":"info","ts":"2023-03-01T22:29:06.139+0300","caller":"v4@v4.17.2/conn.go:354","msg":"Query","pid":47380,"sql":"SELECT version, dirty FROM schema_migrations;","args":[],"time":0.511841212,"rowCount":1}
{"level":"info","ts":"2023-03-01T22:29:11.143+0300","caller":"service/userService.go:58","msg":"Attempt to connect to APIGateway 1 of 3"}
{"level":"info","ts":"2023-03-01T22:31:15.156+0300","caller":"service/userService.go:73","msg":"Start to listen to{port 15 0 6001 <nil>}"}
{"level":"info","ts":"2023-03-01T22:31:24.635+0300","caller":"v4@v4.17.2/conn.go:354","msg":"Dialing PostgreSQL server","host":"79.137.198.139"}
{"level":"info","ts":"2023-03-01T22:31:27.664+0300","caller":"v4@v4.17.2/conn.go:354","msg":"Exec","pid":47388,"sql":";","args":[],"time":0.192755709,"commandTag":""}
{"level":"info","ts":"2023-03-01T22:31:28.071+0300","caller":"v4@v4.17.2/conn.go:354","msg":"Query","sql":"SELECT version, dirty FROM schema_migrations;","args":[],"time":0.40613065,"rowCount":1,"pid":47388}
{"level":"info","ts":"2023-03-01T22:31:33.075+0300","caller":"service/userService.go:58","msg":"Attempt to connect to APIGateway 1 of 3"}
{"level":"info","ts":"2023-03-01T22:33:48.286+0300","caller":"service/userService.go:73","msg":"Start to listen to{port 15 0 6001 <nil>}"}
{"level":"info","ts":"2023-03-01T22:34:24.524+0300","caller":"v4@v4.17.2/conn.go:354","msg":"Dialing PostgreSQL server","host":"79.137.198.139"}
{"level":"info","ts":"2023-03-01T22:34:25.536+0300","caller":"v4@v4.17.2/conn.go:354","msg":"Exec","sql":";","args":[],"time":0.137968517,"commandTag":"","pid":47398}
{"level":"info","ts":"2023-03-01T22:34:25.844+0300","caller":"v4@v4.17.2/conn.go:354","msg":"Query","time":0.30718936,"rowCount":1,"pid":47398,"sql":"SELECT version, dirty FROM schema_migrations;","args":[]}
{"level":"info","ts":"2023-03-01T22:34:30.848+0300","caller":"service/userService.go:58","msg":"Attempt to connect to APIGateway 1 of 3"}
{"level":"info","ts":"2023-03-01T22:34:34.804+0300","caller":"service/userService.go:73","msg":"Start to listen to{port 15 0 6001 <nil>}"}
{"level":"info","ts":"2023-03-01T22:34:47.178+0300","caller":"v4@v4.17.2/conn.go:354","msg":"Dialing PostgreSQL server","host":"79.137.198.139"}
{"level":"info","ts":"2023-03-01T22:34:48.069+0300","caller":"v4@v4.17.2/conn.go:354","msg":"Exec","pid":47400,"sql":";","args":[],"time":0.207994882,"commandTag":""}
{"level":"info","ts":"2023-03-01T22:34:48.475+0300","caller":"v4@v4.17.2/conn.go:354","msg":"Query","args":[],"time":0.406243354,"rowCount":1,"pid":47400,"sql":"SELECT version, dirty FROM schema_migrations;"}
{"level":"info","ts":"2023-03-01T22:34:53.479+0300","caller":"service/userService.go:58","msg":"Attempt to connect to APIGateway 1 of 3"}
{"level":"info","ts":"2023-03-01T22:34:53.481+0300","caller":"service/userService.go:73","msg":"Start to listen to{port 15 0 6001 <nil>}"}
{"level":"info","ts":"2023-03-01T22:37:49.890+0300","caller":"v4@v4.17.2/conn.go:354","msg":"Dialing PostgreSQL server","host":"79.137.198.139"}
{"level":"info","ts":"2023-03-01T22:37:50.549+0300","caller":"v4@v4.17.2/conn.go:354","msg":"Exec","sql":";","args":[],"time":0.201529255,"commandTag":"","pid":47412}
{"level":"info","ts":"2023-03-01T22:37:50.856+0300","caller":"v4@v4.17.2/conn.go:354","msg":"Query","pid":47412,"sql":"SELECT version, dirty FROM schema_migrations;","args":[],"time":0.307007332,"rowCount":1}
{"level":"info","ts":"2023-03-01T22:37:55.861+0300","caller":"service/userService.go:58","msg":"Attempt to connect to APIGateway 1 of 3"}
{"level":"info","ts":"2023-03-01T22:37:55.863+0300","caller":"service/userService.go:73","msg":"Start to listen to{port 15 0 6001 <nil>}"}
{"level":"info","ts":"2023-03-01T22:44:00.509+0300","caller":"v4@v4.17.2/conn.go:354","msg":"Dialing PostgreSQL server","host":"79.137.198.139"}
{"level":"info","ts":"2023-03-01T22:44:01.046+0300","caller":"v4@v4.17.2/conn.go:354","msg":"Exec","sql":";","args":[],"time":0.099226261,"commandTag":"","pid":47433}
{"level":"info","ts":"2023-03-01T22:44:01.251+0300","caller":"v4@v4.17.2/conn.go:354","msg":"Query","sql":"SELECT version, dirty FROM schema_migrations;","args":[],"time":0.204482612,"rowCount":1,"pid":47433}
{"level":"info","ts":"2023-03-01T22:44:06.255+0300","caller":"service/userService.go:58","msg":"Attempt to connect to APIGateway 1 of 3"}
{"level":"info","ts":"2023-03-01T22:44:06.257+0300","caller":"service/userService.go:73","msg":"Start to listen to{port 15 0 6001 <nil>}"}
