{"level":"info","ts":"2023-01-16T18:38:46.109+0300","caller":"v4@v4.17.2/conn.go:354","msg":"Dialing PostgreSQL server","host":"localhost"}
{"level":"info","ts":"2023-01-16T18:38:46.120+0300","caller":"v4@v4.17.2/conn.go:354","msg":"Exec","pid":1581,"sql":";","args":[],"time":0.000165976,"commandTag":""}
{"level":"info","ts":"2023-01-16T18:38:46.121+0300","caller":"v4@v4.17.2/conn.go:354","msg":"Query","args":[],"time":0.001411548,"rowCount":1,"pid":1581,"sql":"SELECT version, dirty FROM schema_migrations;"}
{"level":"fatal","ts":"2023-01-16T18:38:46.122+0300","caller":"service/userService.go:108","msg":"Mismatched db versions. Expected: 1, got: 2","stacktrace":"git.friends.com/PetLand/UserService/v2/internal/service.checkMigrationVersion\n\t/home/rodmul/GolandProjects/github.com/Petland/UserService/internal/service/userService.go:108\ngit.friends.com/PetLand/UserService/v2/internal/service.(*service).Start\n\t/home/rodmul/GolandProjects/github.com/Petland/UserService/internal/service/userService.go:44\nmain.main\n\t/home/rodmul/GolandProjects/github.com/Petland/UserService/cmd/main.go:15\nruntime.main\n\t/usr/lib/go-1.18/src/runtime/proc.go:250"}
{"level":"info","ts":"2023-01-16T18:39:05.307+0300","caller":"v4@v4.17.2/conn.go:354","msg":"Dialing PostgreSQL server","host":"localhost"}
{"level":"info","ts":"2023-01-16T18:39:05.316+0300","caller":"v4@v4.17.2/conn.go:354","msg":"Exec","sql":";","args":[],"time":0.000142514,"commandTag":"","pid":1583}
{"level":"info","ts":"2023-01-16T18:39:05.318+0300","caller":"v4@v4.17.2/conn.go:354","msg":"Query","sql":"SELECT version, dirty FROM schema_migrations;","args":[],"time":0.001170576,"rowCount":1,"pid":1583}
{"level":"info","ts":"2023-01-16T18:39:34.297+0300","caller":"v4@v4.17.2/conn.go:354","msg":"Query","sql":"SELECT EXISTS (SELECT * FROM user_service.public.user_contacts WHERE email = $1)","args":["alex.tyulin@gmail.com"],"time":0.003541407,"rowCount":1,"pid":1583}
{"level":"info","ts":"2023-01-16T18:41:00.063+0300","caller":"v4@v4.17.2/conn.go:354","msg":"Query","sql":"SELECT EXISTS (SELECT * FROM user_service.public.user_contacts WHERE email = $1)","args":["heat@gmail.com"],"time":0.000520322,"rowCount":1,"pid":1583}
{"level":"info","ts":"2023-01-16T18:41:00.154+0300","caller":"v4@v4.17.2/conn.go:354","msg":"Exec","sql":"begin","args":[],"time":0.000634536,"commandTag":"BEGIN","pid":1583}
{"level":"info","ts":"2023-01-16T18:41:00.155+0300","caller":"v4@v4.17.2/conn.go:354","msg":"Exec","commandTag":"INSERT 0 1","pid":1583,"sql":"INSERT INTO user_service.public.user_profile (id, first_name, sur_name, status) VALUES ($1, $2, $3, $4);","args":["951bffb0-80df-46e9-8e27-48c99a326219","Robert","De Niro",0],"time":0.000908421}
{"level":"info","ts":"2023-01-16T18:41:00.156+0300","caller":"v4@v4.17.2/conn.go:354","msg":"Exec","pid":1583,"sql":"INSERT INTO user_service.public.user_data (id_profile, password_encoded, password_salt) VALUES ($1, $2, $3);","args":["951bffb0-80df-46e9-8e27-48c99a326219","$2a$10$I0mdgUNOfy9mF7qeqtiSMOuCsvun0SdXDTN9G98loKZLYQZ7vYrG6","$o6hhovvRCfkmnWyxNa5qFUtQBvLo6MFPry06?OtURNG*6Nu0Gt9hS31OjOG"],"time":0.001111492,"commandTag":"INSERT 0 1"}
{"level":"info","ts":"2023-01-16T18:41:00.157+0300","caller":"v4@v4.17.2/conn.go:354","msg":"Query","sql":"INSERT INTO user_service.public.user_contacts (id_profile, email, mobile_phone, \n\t\t\temail_subscription, show_phone) VALUES ($1, $2, $3, $4, $5);","args":["951bffb0-80df-46e9-8e27-48c99a326219","heat@gmail.com","89200845355",false,true],"time":0.000885771,"rowCount":0,"pid":1583}
{"level":"info","ts":"2023-01-16T18:41:00.159+0300","caller":"v4@v4.17.2/conn.go:354","msg":"Exec","sql":"commit","args":[],"time":0.001218251,"commandTag":"COMMIT","pid":1583}
{"level":"info","ts":"2023-01-16T18:42:05.317+0300","caller":"v4@v4.17.2/conn.go:354","msg":"closed connection","pid":1583}
{"level":"info","ts":"2023-01-16T18:43:27.570+0300","caller":"v4@v4.17.2/conn.go:354","msg":"Dialing PostgreSQL server","host":"localhost"}
{"level":"info","ts":"2023-01-16T18:43:27.582+0300","caller":"v4@v4.17.2/conn.go:354","msg":"Query","time":0.002008236,"rowCount":1,"pid":1600,"sql":"SELECT id, id_profile, email, mobile_phone, show_phone \n\t\t\tFROM user_service.public.user_contacts WHERE email = $1","args":["alex.tyulin@gmail.com"]}
{"level":"info","ts":"2023-01-16T18:43:27.584+0300","caller":"v4@v4.17.2/conn.go:354","msg":"Query","args":["5c3a3934-7733-4385-be61-1d9482c4a977"],"time":0.001013346,"rowCount":1,"pid":1600,"sql":"SELECT id, id_profile, password_encoded, password_salt \nFROM user_service.public.user_data WHERE id_profile = $1"}
{"level":"warn","ts":"2023-01-16T18:43:27.584+0300","caller":"service/utils.go:60","msg":"bad credentials; error working with repository: map[UUID:5c3a3934-7733-4385-be61-1d9482c4a977]; failed to Scan structure; expected struct but got ptr; "}
{"level":"info","ts":"2023-01-16T18:46:27.585+0300","caller":"v4@v4.17.2/conn.go:354","msg":"closed connection","pid":1600}
