{"level":"info","ts":"2022-12-29T13:26:24.929+0300","caller":"v4@v4.17.2/conn.go:354","msg":"Dialing PostgreSQL server","host":"localhost"}
{"level":"error","ts":"2022-12-29T13:26:24.937+0300","caller":"v4@v4.17.2/conn.go:354","msg":"connect failed","err":"failed to connect to `host=localhost user=postgres database=user_service`: failed SASL auth (FATAL: password authentication failed for user \"postgres\" (SQLSTATE 28P01))","stacktrace":"github.com/jackc/pgx/v4.(*Conn).log\n\t/home/rodmul/go/pkg/mod/github.com/jackc/pgx/v4@v4.17.2/conn.go:354\ngithub.com/jackc/pgx/v4.connect\n\t/home/rodmul/go/pkg/mod/github.com/jackc/pgx/v4@v4.17.2/conn.go:225\ngithub.com/jackc/pgx/v4.ConnectConfig\n\t/home/rodmul/go/pkg/mod/github.com/jackc/pgx/v4@v4.17.2/conn.go:113\ngithub.com/jackc/pgx/v4/stdlib.(*driverConnector).Connect\n\t/home/rodmul/go/pkg/mod/github.com/jackc/pgx/v4@v4.17.2/stdlib/sql.go:285\ndatabase/sql.(*DB).conn\n\t/usr/lib/go-1.18/src/database/sql/sql.go:1395\ndatabase/sql.(*DB).PingContext\n\t/usr/lib/go-1.18/src/database/sql/sql.go:853\ndatabase/sql.(*DB).Ping\n\t/usr/lib/go-1.18/src/database/sql/sql.go:875\ngit.friends.com/PetLand/UserService/v2/internal/store/db.NewDB\n\t/home/rodmul/GolandProjects/github.com/Petland/UserService/internal/store/db/dbutil.go:46\ngit.friends.com/PetLand/UserService/v2/internal/service.(*service).Start\n\t/home/rodmul/GolandProjects/github.com/Petland/UserService/internal/service/userService.go:38\nmain.main\n\t/home/rodmul/GolandProjects/github.com/Petland/UserService/cmd/main.go:15\nruntime.main\n\t/usr/lib/go-1.18/src/runtime/proc.go:250"}
{"level":"fatal","ts":"2022-12-29T13:26:24.937+0300","caller":"service/userService.go:40","msg":"Can't initialize connection to database{error 26 0  Unavailable resource}","stacktrace":"git.friends.com/PetLand/UserService/v2/internal/service.(*service).Start\n\t/home/rodmul/GolandProjects/github.com/Petland/UserService/internal/service/userService.go:40\nmain.main\n\t/home/rodmul/GolandProjects/github.com/Petland/UserService/cmd/main.go:15\nruntime.main\n\t/usr/lib/go-1.18/src/runtime/proc.go:250"}
{"level":"info","ts":"2022-12-29T13:26:56.323+0300","caller":"v4@v4.17.2/conn.go:354","msg":"Dialing PostgreSQL server","host":"localhost"}
{"level":"info","ts":"2022-12-29T13:26:56.332+0300","caller":"v4@v4.17.2/conn.go:354","msg":"Exec","args":[],"time":0.000110529,"commandTag":"","pid":78,"sql":";"}
{"level":"info","ts":"2022-12-29T13:26:56.333+0300","caller":"v4@v4.17.2/conn.go:354","msg":"Query","rowCount":1,"pid":78,"sql":"SELECT version, dirty FROM schema_migrations;","args":[],"time":0.000982149}
{"level":"info","ts":"2022-12-29T13:29:56.422+0300","caller":"v4@v4.17.2/conn.go:354","msg":"closed connection","pid":78}
{"level":"info","ts":"2022-12-29T13:36:10.533+0300","caller":"v4@v4.17.2/conn.go:354","msg":"Dialing PostgreSQL server","host":"localhost"}
{"level":"info","ts":"2022-12-29T13:36:10.543+0300","caller":"v4@v4.17.2/conn.go:354","msg":"Exec","time":0.000147949,"commandTag":"","pid":107,"sql":";","args":[]}
{"level":"info","ts":"2022-12-29T13:36:10.544+0300","caller":"v4@v4.17.2/conn.go:354","msg":"Query","args":[],"time":0.000981247,"rowCount":1,"pid":107,"sql":"SELECT version, dirty FROM schema_migrations;"}
{"level":"info","ts":"2022-12-29T13:37:45.723+0300","caller":"v4@v4.17.2/conn.go:354","msg":"Query","sql":"SELECT EXISTS (SELECT * FROM public.user_contacts WHERE email = $1)","args":["hugeballs@gmail.com"],"time":0.002738416,"rowCount":1,"pid":107}
{"level":"info","ts":"2022-12-29T13:39:10.622+0300","caller":"v4@v4.17.2/conn.go:354","msg":"closed connection","pid":107}
{"level":"info","ts":"2022-12-29T13:39:58.873+0300","caller":"v4@v4.17.2/conn.go:354","msg":"Dialing PostgreSQL server","host":"localhost"}
{"level":"info","ts":"2022-12-29T13:39:58.881+0300","caller":"v4@v4.17.2/conn.go:354","msg":"Exec","time":0.000119333,"commandTag":"","pid":125,"sql":";","args":[]}
{"level":"info","ts":"2022-12-29T13:39:58.883+0300","caller":"v4@v4.17.2/conn.go:354","msg":"Query","sql":"SELECT version, dirty FROM schema_migrations;","args":[],"time":0.001278873,"rowCount":1,"pid":125}
{"level":"info","ts":"2022-12-29T13:42:58.978+0300","caller":"v4@v4.17.2/conn.go:354","msg":"closed connection","pid":125}
{"level":"info","ts":"2022-12-29T15:23:38.457+0300","caller":"v4@v4.17.2/conn.go:354","msg":"Dialing PostgreSQL server","host":"localhost"}
{"level":"info","ts":"2022-12-29T15:23:38.466+0300","caller":"v4@v4.17.2/conn.go:354","msg":"Exec","pid":359,"sql":";","args":[],"time":0.000116498,"commandTag":""}
{"level":"info","ts":"2022-12-29T15:23:38.467+0300","caller":"v4@v4.17.2/conn.go:354","msg":"Query","pid":359,"sql":"SELECT version, dirty FROM schema_migrations;","args":[],"time":0.00095382,"rowCount":1}
{"level":"info","ts":"2022-12-29T15:23:43.703+0300","caller":"v4@v4.17.2/conn.go:354","msg":"Query","pid":359,"sql":"SELECT EXISTS (SELECT * FROM public.user_contacts WHERE email = $1)","args":["hugeballs@gmail.com"],"time":0.002666305,"rowCount":1}
{"level":"info","ts":"2022-12-29T15:23:53.066+0300","caller":"v4@v4.17.2/conn.go:354","msg":"Query","pid":359,"sql":"SELECT EXISTS (SELECT * FROM public.user_contacts WHERE email = $1)","args":["someperson@gmail.com"],"time":0.000589706,"rowCount":1}
{"level":"info","ts":"2022-12-29T15:25:37.658+0300","caller":"v4@v4.17.2/conn.go:354","msg":"Dialing PostgreSQL server","host":"localhost"}
{"level":"info","ts":"2022-12-29T15:25:37.667+0300","caller":"v4@v4.17.2/conn.go:354","msg":"Exec","sql":";","args":[],"time":0.000200362,"commandTag":"","pid":367}
{"level":"info","ts":"2022-12-29T15:25:37.668+0300","caller":"v4@v4.17.2/conn.go:354","msg":"Query","rowCount":1,"pid":367,"sql":"SELECT version, dirty FROM schema_migrations;","args":[],"time":0.001045338}
{"level":"info","ts":"2022-12-29T15:25:42.697+0300","caller":"v4@v4.17.2/conn.go:354","msg":"Exec","sql":"begin","args":[],"time":0.000472255,"commandTag":"BEGIN","pid":367}
{"level":"info","ts":"2022-12-29T15:25:42.699+0300","caller":"v4@v4.17.2/conn.go:354","msg":"Exec","sql":"INSERT INTO  public.user_profile (id, first_name, sur_name, status) VALUES ($1, $2, $3, $4);","args":["8ab220d4-46db-42cd-95b6-89e6cf9a22c5","Bob","Burnquist",0],"time":0.001787672,"commandTag":"INSERT 0 1","pid":367}
{"level":"info","ts":"2022-12-29T15:25:42.702+0300","caller":"v4@v4.17.2/conn.go:354","msg":"Exec","sql":"INSERT INTO  public.user_data (id_profile, password_encoded, password_salt) VALUES ($1, $2, $3);","args":["8ab220d4-46db-42cd-95b6-89e6cf9a22c5","$2a$10$mpBPw91ikvn4qXrs14j3MOUc1CfLhJRgDE69ldzzx9YG8EdyN45JW","!gRgd17@lmAfj9XY4xiOM0IWGZpuNu1gjhdOF2WCm$i#s#nsGRLYOQNikn1m"],"time":0.002182104,"commandTag":"INSERT 0 1","pid":367}
{"level":"info","ts":"2022-12-29T15:25:42.703+0300","caller":"v4@v4.17.2/conn.go:354","msg":"Query","time":0.001288614,"rowCount":0,"pid":367,"sql":"INSERT INTO  public.user_contacts (id_profile, email, mobile_phone, \n\t\t\temail_subscription, show_phone) VALUES ($1, $2, $3, $4, $5);","args":["8ab220d4-46db-42cd-95b6-89e6cf9a22c5","someperson@gmail.com","89301243874",false,true]}
{"level":"info","ts":"2022-12-29T15:25:42.712+0300","caller":"v4@v4.17.2/conn.go:354","msg":"Exec","pid":367,"sql":"commit","args":[],"time":0.0087858,"commandTag":"COMMIT"}
{"level":"info","ts":"2022-12-29T15:28:37.668+0300","caller":"v4@v4.17.2/conn.go:354","msg":"closed connection","pid":367}
{"level":"info","ts":"2022-12-29T15:34:18.317+0300","caller":"v4@v4.17.2/conn.go:354","msg":"Dialing PostgreSQL server","host":"localhost"}
{"level":"info","ts":"2022-12-29T15:34:18.327+0300","caller":"v4@v4.17.2/conn.go:354","msg":"Exec","pid":395,"sql":";","args":[],"time":0.00014764,"commandTag":""}
{"level":"info","ts":"2022-12-29T15:34:18.328+0300","caller":"v4@v4.17.2/conn.go:354","msg":"Query","args":[],"time":0.001069432,"rowCount":1,"pid":395,"sql":"SELECT version, dirty FROM schema_migrations;"}
{"level":"info","ts":"2022-12-29T15:34:25.109+0300","caller":"v4@v4.17.2/conn.go:354","msg":"Query","rowCount":1,"pid":395,"sql":"SELECT EXISTS (SELECT * FROM user_service.public.user_contacts WHERE email = $1)","args":["hugeballs@gmail.com"],"time":0.002018113}
