{"level":"info","ts":"2023-01-26T11:46:09.490+0300","caller":"v4@v4.17.2/conn.go:354","msg":"Dialing PostgreSQL server","host":"localhost"}
{"level":"info","ts":"2023-01-26T11:46:09.500+0300","caller":"v4@v4.17.2/conn.go:354","msg":"Exec","sql":";","args":[],"time":0.000164618,"commandTag":"","pid":4723}
{"level":"info","ts":"2023-01-26T11:46:09.501+0300","caller":"v4@v4.17.2/conn.go:354","msg":"Query","time":0.001022526,"rowCount":1,"pid":4723,"sql":"SELECT version, dirty FROM schema_migrations;","args":[]}
{"level":"info","ts":"2023-01-26T11:46:14.504+0300","caller":"service/userService.go:58","msg":"Attempt to connect to APIGateway 1 of 3"}
{"level":"info","ts":"2023-01-26T11:46:14.506+0300","caller":"service/userService.go:73","msg":"Start to listen to{port 15 0 6001 <nil>}"}
{"level":"info","ts":"2023-01-26T11:50:35.813+0300","caller":"v4@v4.17.2/conn.go:354","msg":"Dialing PostgreSQL server","host":"localhost"}
{"level":"info","ts":"2023-01-26T11:50:35.823+0300","caller":"v4@v4.17.2/conn.go:354","msg":"Exec","sql":";","args":[],"time":0.00020142,"commandTag":"","pid":4737}
{"level":"info","ts":"2023-01-26T11:50:35.825+0300","caller":"v4@v4.17.2/conn.go:354","msg":"Query","args":[],"time":0.001253072,"rowCount":1,"pid":4737,"sql":"SELECT version, dirty FROM schema_migrations;"}
{"level":"info","ts":"2023-01-26T11:50:40.829+0300","caller":"service/userService.go:58","msg":"Attempt to connect to APIGateway 1 of 3"}
{"level":"info","ts":"2023-01-26T11:50:40.831+0300","caller":"service/userService.go:73","msg":"Start to listen to{port 15 0 6001 <nil>}"}
{"level":"info","ts":"2023-01-26T11:51:14.297+0300","caller":"v4@v4.17.2/conn.go:354","msg":"Query","time":0.001981881,"rowCount":1,"pid":4737,"sql":"SELECT EXISTS (SELECT * FROM user_service.public.user_contacts WHERE email = $1)","args":["romchik@gmail.com"]}
{"level":"info","ts":"2023-01-26T11:51:14.393+0300","caller":"v4@v4.17.2/conn.go:354","msg":"Exec","sql":"begin","args":[],"time":0.000294349,"commandTag":"BEGIN","pid":4737}
{"level":"info","ts":"2023-01-26T11:51:14.394+0300","caller":"v4@v4.17.2/conn.go:354","msg":"Exec","pid":4737,"sql":"INSERT INTO user_service.public.user_profile (id, first_name, sur_name, status) VALUES ($1, $2, $3, $4);","args":["a218ee33-14dc-4306-8063-2ce7f6632ca9","Roman","Ezhov",0],"time":0.001399155,"commandTag":"INSERT 0 1"}
{"level":"info","ts":"2023-01-26T11:51:14.397+0300","caller":"v4@v4.17.2/conn.go:354","msg":"Exec","sql":"INSERT INTO user_service.public.user_data (id_profile, password_encoded, password_salt) VALUES ($1, $2, $3);","args":["a218ee33-14dc-4306-8063-2ce7f6632ca9","$2a$10$H/qDizhhvHv2ecesv50WweMe5wMLjavuOn5njTU52VDEBtrqO4qsK","h8QJ8jFIDszFJOt3*NeP1J4rf1m3v$3PCcOlkmU?QJ*@m@4dPIcLfvcM6txU"],"time":0.002232575,"commandTag":"INSERT 0 1","pid":4737}
{"level":"info","ts":"2023-01-26T11:51:14.398+0300","caller":"v4@v4.17.2/conn.go:354","msg":"Query","args":["a218ee33-14dc-4306-8063-2ce7f6632ca9","romchik@gmail.com","89200845355",false,true],"time":0.000840534,"rowCount":0,"pid":4737,"sql":"INSERT INTO user_service.public.user_contacts (id_profile, email, mobile_phone, \n\t\t\temail_subscription, show_phone) VALUES ($1, $2, $3, $4, $5);"}
{"level":"info","ts":"2023-01-26T11:51:14.407+0300","caller":"v4@v4.17.2/conn.go:354","msg":"Exec","sql":"commit","args":[],"time":0.008793277,"commandTag":"COMMIT","pid":4737}
{"level":"info","ts":"2023-01-26T11:51:32.611+0300","caller":"v4@v4.17.2/conn.go:354","msg":"Query","pid":4737,"sql":"SELECT id, id_profile, email, mobile_phone, show_phone \n\t\t\tFROM user_service.public.user_contacts WHERE email = $1","args":["romchik@gmail.com"],"time":0.000714681,"rowCount":1}
{"level":"info","ts":"2023-01-26T11:51:32.612+0300","caller":"v4@v4.17.2/conn.go:354","msg":"Query","rowCount":1,"pid":4737,"sql":"SELECT id, id_profile, password_encoded, password_salt \nFROM user_service.public.user_data WHERE id_profile = $1","args":["a218ee33-14dc-4306-8063-2ce7f6632ca9"],"time":0.000683842}
{"level":"info","ts":"2023-01-26T11:51:32.727+0300","caller":"v4@v4.17.2/conn.go:354","msg":"Exec","sql":"INSERT INTO user_service.public.refresh_sessions\n        (id_profile, id_refresh_token, issued_at, expires_in)\n        VALUES ($1, $2, $3, $4);","args":["a218ee33-14dc-4306-8063-2ce7f6632ca9","dc459339-fc5f-4550-ba1b-dbd789ea302e","2023-01-26T11:51:32.716145335+03:00","2023-01-26T12:21:32.716145616+03:00"],"time":0.0112052,"commandTag":"INSERT 0 1","pid":4737}
{"level":"info","ts":"2023-01-26T11:53:25.691+0300","caller":"v4@v4.17.2/conn.go:354","msg":"Query","sql":"SELECT id, id_profile, email, mobile_phone, show_phone \n\t\t\tFROM user_service.public.user_contacts WHERE id_profile = $1","args":["a218ee33-14dc-4306-8063-2ce7f6632ca9"],"time":0.000808633,"rowCount":1,"pid":4737}
{"level":"info","ts":"2023-01-26T11:53:25.692+0300","caller":"v4@v4.17.2/conn.go:354","msg":"Query","rowCount":1,"pid":4737,"sql":"SELECT id, first_name, sur_name, status FROM user_service.public.user_profile WHERE id = $1","args":["a218ee33-14dc-4306-8063-2ce7f6632ca9"],"time":0.000575222}
{"level":"info","ts":"2023-01-26T11:53:35.832+0300","caller":"v4@v4.17.2/conn.go:354","msg":"closed connection","pid":4737}
{"level":"info","ts":"2023-01-26T12:04:39.667+0300","caller":"v4@v4.17.2/conn.go:354","msg":"Dialing PostgreSQL server","host":"localhost"}
{"level":"info","ts":"2023-01-26T12:04:39.677+0300","caller":"v4@v4.17.2/conn.go:354","msg":"Exec","pid":4781,"sql":";","args":[],"time":0.000192239,"commandTag":""}
{"level":"info","ts":"2023-01-26T12:04:39.678+0300","caller":"v4@v4.17.2/conn.go:354","msg":"Query","args":[],"time":0.000923107,"rowCount":1,"pid":4781,"sql":"SELECT version, dirty FROM schema_migrations;"}
{"level":"info","ts":"2023-01-26T12:04:44.680+0300","caller":"service/userService.go:58","msg":"Attempt to connect to APIGateway 1 of 3"}
{"level":"info","ts":"2023-01-26T12:04:44.682+0300","caller":"service/userService.go:73","msg":"Start to listen to{port 15 0 6001 <nil>}"}
{"level":"info","ts":"2023-01-26T12:12:12.318+0300","caller":"v4@v4.17.2/conn.go:354","msg":"Dialing PostgreSQL server","host":"localhost"}
{"level":"info","ts":"2023-01-26T12:12:12.328+0300","caller":"v4@v4.17.2/conn.go:354","msg":"Exec","sql":";","args":[],"time":0.000179666,"commandTag":"","pid":4804}
{"level":"info","ts":"2023-01-26T12:12:12.329+0300","caller":"v4@v4.17.2/conn.go:354","msg":"Query","pid":4804,"sql":"SELECT version, dirty FROM schema_migrations;","args":[],"time":0.001099839,"rowCount":1}
{"level":"info","ts":"2023-01-26T12:12:17.332+0300","caller":"service/userService.go:58","msg":"Attempt to connect to APIGateway 1 of 3"}
{"level":"info","ts":"2023-01-26T12:12:17.334+0300","caller":"service/userService.go:73","msg":"Start to listen to{port 15 0 6001 <nil>}"}
{"level":"info","ts":"2023-01-26T12:15:12.425+0300","caller":"v4@v4.17.2/conn.go:354","msg":"closed connection","pid":4804}
{"level":"info","ts":"2023-01-26T13:51:56.228+0300","caller":"v4@v4.17.2/conn.go:354","msg":"Dialing PostgreSQL server","host":"localhost"}
{"level":"info","ts":"2023-01-26T13:51:56.239+0300","caller":"v4@v4.17.2/conn.go:354","msg":"Exec","pid":4955,"sql":";","args":[],"time":0.000366127,"commandTag":""}
{"level":"info","ts":"2023-01-26T13:51:56.241+0300","caller":"v4@v4.17.2/conn.go:354","msg":"Query","pid":4955,"sql":"SELECT version, dirty FROM schema_migrations;","args":[],"time":0.001497729,"rowCount":1}
{"level":"info","ts":"2023-01-26T13:52:01.244+0300","caller":"service/userService.go:58","msg":"Attempt to connect to APIGateway 1 of 3"}
{"level":"info","ts":"2023-01-26T13:52:01.553+0300","caller":"service/userService.go:73","msg":"Start to listen to{port 15 0 6001 <nil>}"}
{"level":"info","ts":"2023-01-26T14:28:04.246+0300","caller":"v4@v4.17.2/conn.go:354","msg":"Dialing PostgreSQL server","host":"localhost"}
{"level":"info","ts":"2023-01-26T14:28:04.255+0300","caller":"v4@v4.17.2/conn.go:354","msg":"Exec","args":[],"time":0.000129398,"commandTag":"","pid":5064,"sql":";"}
{"level":"info","ts":"2023-01-26T14:28:04.256+0300","caller":"v4@v4.17.2/conn.go:354","msg":"Query","sql":"SELECT version, dirty FROM schema_migrations;","args":[],"time":0.001101098,"rowCount":1,"pid":5064}
{"level":"info","ts":"2023-01-26T14:28:09.260+0300","caller":"service/userService.go:58","msg":"Attempt to connect to APIGateway 1 of 3"}
{"level":"info","ts":"2023-01-26T14:28:09.261+0300","caller":"service/userService.go:73","msg":"Start to listen to{port 15 0 6001 <nil>}"}
{"level":"info","ts":"2023-01-26T15:36:09.506+0300","caller":"v4@v4.17.2/conn.go:354","msg":"Dialing PostgreSQL server","host":"localhost"}
{"level":"info","ts":"2023-01-26T15:36:09.516+0300","caller":"v4@v4.17.2/conn.go:354","msg":"Exec","sql":";","args":[],"time":0.000158788,"commandTag":"","pid":5086}
{"level":"info","ts":"2023-01-26T15:36:09.517+0300","caller":"v4@v4.17.2/conn.go:354","msg":"Query","args":[],"time":0.000981153,"rowCount":1,"pid":5086,"sql":"SELECT version, dirty FROM schema_migrations;"}
{"level":"info","ts":"2023-01-26T15:36:14.519+0300","caller":"service/userService.go:58","msg":"Attempt to connect to APIGateway 1 of 3"}
{"level":"info","ts":"2023-01-26T15:36:14.520+0300","caller":"service/userService.go:73","msg":"Start to listen to{port 15 0 6001 <nil>}"}
{"level":"info","ts":"2023-01-26T15:47:56.010+0300","caller":"v4@v4.17.2/conn.go:354","msg":"Dialing PostgreSQL server","host":"localhost"}
{"level":"info","ts":"2023-01-26T15:47:56.019+0300","caller":"v4@v4.17.2/conn.go:354","msg":"Exec","args":[],"time":0.000145757,"commandTag":"","pid":5122,"sql":";"}
{"level":"info","ts":"2023-01-26T15:47:56.020+0300","caller":"v4@v4.17.2/conn.go:354","msg":"Query","sql":"SELECT version, dirty FROM schema_migrations;","args":[],"time":0.001047418,"rowCount":1,"pid":5122}
{"level":"info","ts":"2023-01-26T15:48:01.023+0300","caller":"service/userService.go:58","msg":"Attempt to connect to APIGateway 1 of 3"}
{"level":"info","ts":"2023-01-26T15:48:01.025+0300","caller":"service/userService.go:73","msg":"Start to listen to{port 15 0 6001 <nil>}"}
{"level":"info","ts":"2023-01-26T16:01:57.369+0300","caller":"v4@v4.17.2/conn.go:354","msg":"Dialing PostgreSQL server","host":"localhost"}
{"level":"info","ts":"2023-01-26T16:01:57.378+0300","caller":"v4@v4.17.2/conn.go:354","msg":"Exec","time":0.000169894,"commandTag":"","pid":5165,"sql":";","args":[]}
{"level":"info","ts":"2023-01-26T16:01:57.379+0300","caller":"v4@v4.17.2/conn.go:354","msg":"Query","args":[],"time":0.001053982,"rowCount":1,"pid":5165,"sql":"SELECT version, dirty FROM schema_migrations;"}
{"level":"info","ts":"2023-01-26T16:02:02.383+0300","caller":"service/userService.go:58","msg":"Attempt to connect to APIGateway 1 of 3"}
{"level":"info","ts":"2023-01-26T16:02:02.385+0300","caller":"service/userService.go:73","msg":"Start to listen to{port 15 0 6001 <nil>}"}
{"level":"info","ts":"2023-01-26T16:04:57.402+0300","caller":"v4@v4.17.2/conn.go:354","msg":"closed connection","pid":5165}
{"level":"info","ts":"2023-01-26T16:08:05.159+0300","caller":"v4@v4.17.2/conn.go:354","msg":"Dialing PostgreSQL server","host":"localhost"}
{"level":"info","ts":"2023-01-26T16:08:05.170+0300","caller":"v4@v4.17.2/conn.go:354","msg":"Exec","sql":";","args":[],"time":0.000166214,"commandTag":"","pid":5184}
{"level":"info","ts":"2023-01-26T16:08:05.171+0300","caller":"v4@v4.17.2/conn.go:354","msg":"Query","time":0.001280278,"rowCount":1,"pid":5184,"sql":"SELECT version, dirty FROM schema_migrations;","args":[]}
{"level":"info","ts":"2023-01-26T16:08:10.175+0300","caller":"service/userService.go:58","msg":"Attempt to connect to APIGateway 1 of 3"}
{"level":"info","ts":"2023-01-26T16:08:15.180+0300","caller":"service/userService.go:58","msg":"Attempt to connect to APIGateway 2 of 3"}
{"level":"info","ts":"2023-01-26T16:08:20.183+0300","caller":"service/userService.go:58","msg":"Attempt to connect to APIGateway 3 of 3"}
{"level":"fatal","ts":"2023-01-26T16:08:20.185+0300","caller":"cmd/main.go:15","msg":"can't connect to API GateWay","stacktrace":"main.main\n\t/home/rodmul/GolandProjects/github.com/Petland/UserService/cmd/main.go:15\nruntime.main\n\t/usr/lib/go-1.18/src/runtime/proc.go:250"}
{"level":"info","ts":"2023-01-26T16:34:26.004+0300","caller":"v4@v4.17.2/conn.go:354","msg":"Dialing PostgreSQL server","host":""}
{"level":"error","ts":"2023-01-26T16:34:26.004+0300","caller":"v4@v4.17.2/conn.go:354","msg":"connect failed","err":"failed to connect to `host= user=password= database=sslmode=disable`: hostname resolving error (lookup : no such host)","stacktrace":"github.com/jackc/pgx/v4.(*Conn).log\n\t/home/rodmul/go/pkg/mod/github.com/jackc/pgx/v4@v4.17.2/conn.go:354\ngithub.com/jackc/pgx/v4.connect\n\t/home/rodmul/go/pkg/mod/github.com/jackc/pgx/v4@v4.17.2/conn.go:225\ngithub.com/jackc/pgx/v4.ConnectConfig\n\t/home/rodmul/go/pkg/mod/github.com/jackc/pgx/v4@v4.17.2/conn.go:113\ngithub.com/jackc/pgx/v4/stdlib.(*driverConnector).Connect\n\t/home/rodmul/go/pkg/mod/github.com/jackc/pgx/v4@v4.17.2/stdlib/sql.go:285\ndatabase/sql.(*DB).conn\n\t/usr/lib/go-1.18/src/database/sql/sql.go:1395\ndatabase/sql.(*DB).PingContext\n\t/usr/lib/go-1.18/src/database/sql/sql.go:853\ndatabase/sql.(*DB).Ping\n\t/usr/lib/go-1.18/src/database/sql/sql.go:875\ngit.friends.com/PetLand/UserService/v2/internal/store/db.NewDB\n\t/home/rodmul/GolandProjects/github.com/Petland/UserService/internal/store/db/dbutil.go:46\ngit.friends.com/PetLand/UserService/v2/internal/service.(*service).Start\n\t/home/rodmul/GolandProjects/github.com/Petland/UserService/internal/service/userService.go:46\nmain.main\n\t/home/rodmul/GolandProjects/github.com/Petland/UserService/cmd/main.go:15\nruntime.main\n\t/usr/lib/go-1.18/src/runtime/proc.go:250"}
{"level":"fatal","ts":"2023-01-26T16:34:26.004+0300","caller":"service/userService.go:48","msg":"Can't initialize connection to database{error 26 0  Unavailable resource}","stacktrace":"git.friends.com/PetLand/UserService/v2/internal/service.(*service).Start\n\t/home/rodmul/GolandProjects/github.com/Petland/UserService/internal/service/userService.go:48\nmain.main\n\t/home/rodmul/GolandProjects/github.com/Petland/UserService/cmd/main.go:15\nruntime.main\n\t/usr/lib/go-1.18/src/runtime/proc.go:250"}
{"level":"info","ts":"2023-01-26T16:35:11.061+0300","caller":"v4@v4.17.2/conn.go:354","msg":"Dialing PostgreSQL server","host":""}
{"level":"error","ts":"2023-01-26T16:35:11.061+0300","caller":"v4@v4.17.2/conn.go:354","msg":"connect failed","err":"failed to connect to `host= user=password= database=sslmode=disable`: hostname resolving error (lookup : no such host)","stacktrace":"github.com/jackc/pgx/v4.(*Conn).log\n\t/home/rodmul/go/pkg/mod/github.com/jackc/pgx/v4@v4.17.2/conn.go:354\ngithub.com/jackc/pgx/v4.connect\n\t/home/rodmul/go/pkg/mod/github.com/jackc/pgx/v4@v4.17.2/conn.go:225\ngithub.com/jackc/pgx/v4.ConnectConfig\n\t/home/rodmul/go/pkg/mod/github.com/jackc/pgx/v4@v4.17.2/conn.go:113\ngithub.com/jackc/pgx/v4/stdlib.(*driverConnector).Connect\n\t/home/rodmul/go/pkg/mod/github.com/jackc/pgx/v4@v4.17.2/stdlib/sql.go:285\ndatabase/sql.(*DB).conn\n\t/usr/lib/go-1.18/src/database/sql/sql.go:1395\ndatabase/sql.(*DB).PingContext\n\t/usr/lib/go-1.18/src/database/sql/sql.go:853\ndatabase/sql.(*DB).Ping\n\t/usr/lib/go-1.18/src/database/sql/sql.go:875\ngit.friends.com/PetLand/UserService/v2/internal/store/db.NewDB\n\t/home/rodmul/GolandProjects/github.com/Petland/UserService/internal/store/db/dbutil.go:46\ngit.friends.com/PetLand/UserService/v2/internal/service.(*service).Start\n\t/home/rodmul/GolandProjects/github.com/Petland/UserService/internal/service/userService.go:46\nmain.main\n\t/home/rodmul/GolandProjects/github.com/Petland/UserService/cmd/main.go:15\nruntime.main\n\t/usr/lib/go-1.18/src/runtime/proc.go:250"}
{"level":"fatal","ts":"2023-01-26T16:35:11.061+0300","caller":"service/userService.go:48","msg":"Can't initialize connection to database{error 26 0  Unavailable resource}","stacktrace":"git.friends.com/PetLand/UserService/v2/internal/service.(*service).Start\n\t/home/rodmul/GolandProjects/github.com/Petland/UserService/internal/service/userService.go:48\nmain.main\n\t/home/rodmul/GolandProjects/github.com/Petland/UserService/cmd/main.go:15\nruntime.main\n\t/usr/lib/go-1.18/src/runtime/proc.go:250"}
{"level":"info","ts":"2023-01-26T16:35:41.709+0300","caller":"v4@v4.17.2/conn.go:354","msg":"Dialing PostgreSQL server","host":"localhost"}
{"level":"info","ts":"2023-01-26T16:35:41.719+0300","caller":"v4@v4.17.2/conn.go:354","msg":"Exec","sql":";","args":[],"time":0.000226754,"commandTag":"","pid":5268}
{"level":"info","ts":"2023-01-26T16:35:41.720+0300","caller":"v4@v4.17.2/conn.go:354","msg":"Query","pid":5268,"sql":"SELECT version, dirty FROM schema_migrations;","args":[],"time":0.001379409,"rowCount":1}
{"level":"info","ts":"2023-01-26T16:35:46.723+0300","caller":"service/userService.go:58","msg":"Attempt to connect to APIGateway 1 of 3"}
{"level":"info","ts":"2023-01-26T16:35:46.723+0300","caller":"service/clientHandlersFuncs.go:402","msg":"http://pl_api_gateway:6000/api/v1/hello/"}
{"level":"info","ts":"2023-01-26T16:40:28.179+0300","caller":"v4@v4.17.2/conn.go:354","msg":"Dialing PostgreSQL server","host":"79.137.198.139"}
{"level":"info","ts":"2023-01-26T16:40:29.375+0300","caller":"v4@v4.17.2/conn.go:354","msg":"Exec","sql":";","args":[],"time":0.2037174,"commandTag":"","pid":407}
{"level":"info","ts":"2023-01-26T16:40:29.673+0300","caller":"v4@v4.17.2/conn.go:354","msg":"Query","sql":"SELECT version, dirty FROM schema_migrations;","args":[],"time":0.298082945,"rowCount":1,"pid":407}
{"level":"info","ts":"2023-01-26T16:40:34.675+0300","caller":"service/userService.go:58","msg":"Attempt to connect to APIGateway 1 of 3"}
{"level":"info","ts":"2023-01-26T16:40:34.675+0300","caller":"service/clientHandlersFuncs.go:402","msg":"http://:6000/api/v1/hello/"}
{"level":"info","ts":"2023-01-26T16:42:14.616+0300","caller":"v4@v4.17.2/conn.go:354","msg":"Dialing PostgreSQL server","host":"79.137.198.139"}
{"level":"info","ts":"2023-01-26T16:42:15.152+0300","caller":"v4@v4.17.2/conn.go:354","msg":"Exec","sql":";","args":[],"time":0.105621546,"commandTag":"","pid":423}
{"level":"info","ts":"2023-01-26T16:42:15.496+0300","caller":"v4@v4.17.2/conn.go:354","msg":"Query","sql":"SELECT version, dirty FROM schema_migrations;","args":[],"time":0.34458876,"rowCount":1,"pid":423}
{"level":"info","ts":"2023-01-26T16:42:20.499+0300","caller":"service/userService.go:58","msg":"Attempt to connect to APIGateway 1 of 3"}
{"level":"info","ts":"2023-01-26T16:42:20.499+0300","caller":"service/clientHandlersFuncs.go:402","msg":"http://:6000/api/v1/hello/"}
{"level":"info","ts":"2023-01-26T16:50:43.715+0300","caller":"v4@v4.17.2/conn.go:354","msg":"Dialing PostgreSQL server","host":"79.137.198.139"}
{"level":"info","ts":"2023-01-26T16:50:44.287+0300","caller":"v4@v4.17.2/conn.go:354","msg":"Exec","sql":";","args":[],"time":0.105558924,"commandTag":"","pid":494}
{"level":"info","ts":"2023-01-26T16:50:45.124+0300","caller":"v4@v4.17.2/conn.go:354","msg":"Query","pid":494,"sql":"SELECT version, dirty FROM schema_migrations;","args":[],"time":0.836533861,"rowCount":1}
{"level":"info","ts":"2023-01-26T16:50:50.127+0300","caller":"service/userService.go:58","msg":"Attempt to connect to APIGateway 1 of 3"}
{"level":"info","ts":"2023-01-26T16:50:50.127+0300","caller":"service/clientHandlersFuncs.go:402","msg":"http://:6000/api/v1/hello/"}
{"level":"info","ts":"2023-01-26T16:52:05.963+0300","caller":"v4@v4.17.2/conn.go:354","msg":"Dialing PostgreSQL server","host":"79.137.198.139"}
{"level":"info","ts":"2023-01-26T16:52:06.670+0300","caller":"v4@v4.17.2/conn.go:354","msg":"Exec","commandTag":"","pid":507,"sql":";","args":[],"time":0.160025034}
{"level":"info","ts":"2023-01-26T16:52:07.022+0300","caller":"v4@v4.17.2/conn.go:354","msg":"Query","sql":"SELECT version, dirty FROM schema_migrations;","args":[],"time":0.351819264,"rowCount":1,"pid":507}
{"level":"info","ts":"2023-01-26T16:52:12.025+0300","caller":"service/userService.go:58","msg":"Attempt to connect to APIGateway 1 of 3"}
{"level":"info","ts":"2023-01-26T16:52:12.025+0300","caller":"service/clientHandlersFuncs.go:402","msg":"http://:6000/api/v1/hello/"}
{"level":"info","ts":"2023-01-26T16:52:17.027+0300","caller":"service/userService.go:58","msg":"Attempt to connect to APIGateway 2 of 3"}
{"level":"info","ts":"2023-01-26T16:52:17.028+0300","caller":"service/clientHandlersFuncs.go:402","msg":"http://:6000/api/v1/hello/"}
{"level":"info","ts":"2023-01-26T16:52:22.032+0300","caller":"service/userService.go:58","msg":"Attempt to connect to APIGateway 3 of 3"}
{"level":"info","ts":"2023-01-26T16:52:22.032+0300","caller":"service/clientHandlersFuncs.go:402","msg":"http://:6000/api/v1/hello/"}
{"level":"fatal","ts":"2023-01-26T16:52:22.032+0300","caller":"cmd/main.go:15","msg":"can't connect to API GateWay","stacktrace":"main.main\n\t/home/rodmul/GolandProjects/github.com/Petland/UserService/cmd/main.go:15\nruntime.main\n\t/usr/lib/go-1.18/src/runtime/proc.go:250"}
{"level":"info","ts":"2023-01-26T16:53:18.292+0300","caller":"v4@v4.17.2/conn.go:354","msg":"Dialing PostgreSQL server","host":"79.137.198.139"}
{"level":"info","ts":"2023-01-26T16:53:18.749+0300","caller":"v4@v4.17.2/conn.go:354","msg":"Exec","sql":";","args":[],"time":0.068939217,"commandTag":"","pid":517}
{"level":"info","ts":"2023-01-26T16:53:18.922+0300","caller":"v4@v4.17.2/conn.go:354","msg":"Query","args":[],"time":0.172630006,"rowCount":1,"pid":517,"sql":"SELECT version, dirty FROM schema_migrations;"}
{"level":"info","ts":"2023-01-26T16:53:23.927+0300","caller":"service/userService.go:58","msg":"Attempt to connect to APIGateway 1 of 3"}
{"level":"info","ts":"2023-01-26T16:53:23.927+0300","caller":"service/clientHandlersFuncs.go:402","msg":"http://127.0.0.1:6000/api/v1/hello/"}
{"level":"info","ts":"2023-01-26T16:53:33.460+0300","caller":"v4@v4.17.2/conn.go:354","msg":"Dialing PostgreSQL server","host":"localhost"}
{"level":"info","ts":"2023-01-26T16:53:33.471+0300","caller":"v4@v4.17.2/conn.go:354","msg":"Exec","time":0.0002909,"commandTag":"","pid":5323,"sql":";","args":[]}
{"level":"info","ts":"2023-01-26T16:53:33.473+0300","caller":"v4@v4.17.2/conn.go:354","msg":"Query","args":[],"time":0.001562842,"rowCount":1,"pid":5323,"sql":"SELECT version, dirty FROM schema_migrations;"}
{"level":"info","ts":"2023-01-26T17:02:01.767+0300","caller":"v4@v4.17.2/conn.go:354","msg":"Dialing PostgreSQL server","host":"79.137.198.139"}
{"level":"info","ts":"2023-01-26T17:02:02.998+0300","caller":"v4@v4.17.2/conn.go:354","msg":"Exec","pid":592,"sql":";","args":[],"time":0.102187944,"commandTag":""}
{"level":"info","ts":"2023-01-26T17:02:03.305+0300","caller":"v4@v4.17.2/conn.go:354","msg":"Query","args":[],"time":0.30717688,"rowCount":1,"pid":592,"sql":"SELECT version, dirty FROM schema_migrations;"}
{"level":"info","ts":"2023-01-26T17:02:08.307+0300","caller":"service/userService.go:58","msg":"Attempt to connect to APIGateway 1 of 3"}
{"level":"info","ts":"2023-01-26T17:02:08.308+0300","caller":"service/clientHandlersFuncs.go:402","msg":"http://pl_api_gateway:6000/api/v1/hello/"}
{"level":"info","ts":"2023-01-26T17:02:13.314+0300","caller":"service/userService.go:58","msg":"Attempt to connect to APIGateway 2 of 3"}
{"level":"info","ts":"2023-01-26T17:02:13.314+0300","caller":"service/clientHandlersFuncs.go:402","msg":"http://pl_api_gateway:6000/api/v1/hello/"}
{"level":"info","ts":"2023-01-26T17:02:18.319+0300","caller":"service/userService.go:58","msg":"Attempt to connect to APIGateway 3 of 3"}
{"level":"info","ts":"2023-01-26T17:02:18.319+0300","caller":"service/clientHandlersFuncs.go:402","msg":"http://pl_api_gateway:6000/api/v1/hello/"}
{"level":"fatal","ts":"2023-01-26T17:02:18.320+0300","caller":"cmd/main.go:15","msg":"can't connect to API GateWay","stacktrace":"main.main\n\t/home/rodmul/GolandProjects/github.com/Petland/UserService/cmd/main.go:15\nruntime.main\n\t/usr/lib/go-1.18/src/runtime/proc.go:250"}
{"level":"info","ts":"2023-01-26T18:05:52.686+0300","caller":"v4@v4.17.2/conn.go:354","msg":"Dialing PostgreSQL server","host":"79.137.198.139"}
{"level":"info","ts":"2023-01-26T18:05:53.245+0300","caller":"v4@v4.17.2/conn.go:354","msg":"Exec","args":[],"time":0.105462822,"commandTag":"","pid":154,"sql":";"}
{"level":"info","ts":"2023-01-26T18:05:53.447+0300","caller":"v4@v4.17.2/conn.go:354","msg":"Query","sql":"SELECT version, dirty FROM schema_migrations;","args":[],"time":0.201381131,"rowCount":1,"pid":154}
{"level":"info","ts":"2023-01-26T18:05:58.448+0300","caller":"service/userService.go:58","msg":"Attempt to connect to APIGateway 1 of 3"}
{"level":"info","ts":"2023-01-26T18:05:58.448+0300","caller":"service/clientHandlersFuncs.go:401","msg":"http://pl_api_gateway:6002/api/v1/hello/"}
{"level":"info","ts":"2023-01-26T18:06:44.793+0300","caller":"v4@v4.17.2/conn.go:354","msg":"Dialing PostgreSQL server","host":"79.137.198.139"}
{"level":"info","ts":"2023-01-26T18:06:45.570+0300","caller":"v4@v4.17.2/conn.go:354","msg":"Exec","sql":";","args":[],"time":0.205674133,"commandTag":"","pid":158}
{"level":"info","ts":"2023-01-26T18:06:45.983+0300","caller":"v4@v4.17.2/conn.go:354","msg":"Query","sql":"SELECT version, dirty FROM schema_migrations;","args":[],"time":0.41269662,"rowCount":1,"pid":158}
{"level":"info","ts":"2023-01-26T18:06:50.987+0300","caller":"service/userService.go:58","msg":"Attempt to connect to APIGateway 1 of 3"}
{"level":"info","ts":"2023-01-26T18:06:50.987+0300","caller":"service/clientHandlersFuncs.go:401","msg":"http://pl_api_gateway:6002/api/v1/hello/"}
{"level":"info","ts":"2023-01-26T18:06:55.994+0300","caller":"service/userService.go:58","msg":"Attempt to connect to APIGateway 2 of 3"}
{"level":"info","ts":"2023-01-26T18:06:55.994+0300","caller":"service/clientHandlersFuncs.go:401","msg":"http://pl_api_gateway:6002/api/v1/hello/"}
{"level":"info","ts":"2023-01-26T18:07:08.984+0300","caller":"v4@v4.17.2/conn.go:354","msg":"Dialing PostgreSQL server","host":"localhost"}
{"level":"info","ts":"2023-01-26T18:07:08.996+0300","caller":"v4@v4.17.2/conn.go:354","msg":"Exec","sql":";","args":[],"time":0.000173217,"commandTag":"","pid":5544}
{"level":"info","ts":"2023-01-26T18:07:08.998+0300","caller":"v4@v4.17.2/conn.go:354","msg":"Query","args":[],"time":0.001165686,"rowCount":1,"pid":5544,"sql":"SELECT version, dirty FROM schema_migrations;"}
{"level":"info","ts":"2023-01-26T18:07:14.002+0300","caller":"service/userService.go:58","msg":"Attempt to connect to APIGateway 1 of 3"}
{"level":"info","ts":"2023-01-26T18:07:14.002+0300","caller":"service/clientHandlersFuncs.go:401","msg":"http://pl_api_gateway:6000/api/v1/hello/"}
{"level":"info","ts":"2023-01-26T18:07:51.394+0300","caller":"v4@v4.17.2/conn.go:354","msg":"Dialing PostgreSQL server","host":"localhost"}
{"level":"info","ts":"2023-01-26T18:07:51.412+0300","caller":"v4@v4.17.2/conn.go:354","msg":"Exec","sql":";","args":[],"time":0.000202412,"commandTag":"","pid":5548}
{"level":"info","ts":"2023-01-26T18:07:51.414+0300","caller":"v4@v4.17.2/conn.go:354","msg":"Query","sql":"SELECT version, dirty FROM schema_migrations;","args":[],"time":0.001557865,"rowCount":1,"pid":5548}
{"level":"info","ts":"2023-01-26T18:07:56.418+0300","caller":"service/userService.go:58","msg":"Attempt to connect to APIGateway 1 of 3"}
{"level":"info","ts":"2023-01-26T18:07:56.418+0300","caller":"service/clientHandlersFuncs.go:401","msg":"http://127.0.0.1:6002/api/v1/hello/"}
{"level":"info","ts":"2023-01-26T18:08:06.934+0300","caller":"service/userService.go:73","msg":"Start to listen to{port 15 0 6001 <nil>}"}
{"level":"fatal","ts":"2023-01-26T18:08:06.937+0300","caller":"cmd/main.go:15","msg":"failed to listen and serve: listen tcp :6001: bind: address already in use","stacktrace":"main.main\n\t/home/rodmul/GolandProjects/github.com/Petland/UserService/cmd/main.go:15\nruntime.main\n\t/usr/lib/go-1.18/src/runtime/proc.go:250"}
{"level":"info","ts":"2023-01-26T18:08:39.764+0300","caller":"v4@v4.17.2/conn.go:354","msg":"Dialing PostgreSQL server","host":"localhost"}
{"level":"info","ts":"2023-01-26T18:08:39.776+0300","caller":"v4@v4.17.2/conn.go:354","msg":"Exec","sql":";","args":[],"time":0.000284015,"commandTag":"","pid":5551}
{"level":"info","ts":"2023-01-26T18:08:39.777+0300","caller":"v4@v4.17.2/conn.go:354","msg":"Query","time":0.001516257,"rowCount":1,"pid":5551,"sql":"SELECT version, dirty FROM schema_migrations;","args":[]}
{"level":"info","ts":"2023-01-26T18:08:44.781+0300","caller":"service/userService.go:58","msg":"Attempt to connect to APIGateway 1 of 3"}
{"level":"info","ts":"2023-01-26T18:08:44.782+0300","caller":"service/clientHandlersFuncs.go:401","msg":"http://127.0.0.1:6002/api/v1/hello/"}
{"level":"info","ts":"2023-01-26T18:08:47.082+0300","caller":"service/userService.go:73","msg":"Start to listen to{port 15 0 6001 <nil>}"}
{"level":"fatal","ts":"2023-01-26T18:08:47.082+0300","caller":"cmd/main.go:15","msg":"failed to listen and serve: listen tcp :6001: bind: address already in use","stacktrace":"main.main\n\t/home/rodmul/GolandProjects/github.com/Petland/UserService/cmd/main.go:15\nruntime.main\n\t/usr/lib/go-1.18/src/runtime/proc.go:250"}
{"level":"info","ts":"2023-01-26T18:09:21.596+0300","caller":"v4@v4.17.2/conn.go:354","msg":"Dialing PostgreSQL server","host":"localhost"}
{"level":"info","ts":"2023-01-26T18:09:21.615+0300","caller":"v4@v4.17.2/conn.go:354","msg":"Exec","sql":";","args":[],"time":0.000171814,"commandTag":"","pid":5554}
{"level":"info","ts":"2023-01-26T18:09:21.616+0300","caller":"v4@v4.17.2/conn.go:354","msg":"Query","rowCount":1,"pid":5554,"sql":"SELECT version, dirty FROM schema_migrations;","args":[],"time":0.000919904}
{"level":"info","ts":"2023-01-26T18:09:26.619+0300","caller":"service/userService.go:58","msg":"Attempt to connect to APIGateway 1 of 3"}
{"level":"info","ts":"2023-01-26T18:09:26.619+0300","caller":"service/clientHandlersFuncs.go:401","msg":"http://127.0.0.1:6002/api/v1/hello/"}
{"level":"info","ts":"2023-01-26T18:09:29.133+0300","caller":"service/userService.go:73","msg":"Start to listen to{port 15 0 6001 <nil>}"}
