{"level":"info","ts":"2023-01-27T21:32:08.404+0300","caller":"v4@v4.17.2/conn.go:354","msg":"Dialing PostgreSQL server","host":"localhost"}
{"level":"info","ts":"2023-01-27T21:32:08.413+0300","caller":"v4@v4.17.2/conn.go:354","msg":"Exec","pid":5744,"sql":";","args":[],"time":0.000151309,"commandTag":""}
{"level":"info","ts":"2023-01-27T21:32:08.414+0300","caller":"v4@v4.17.2/conn.go:354","msg":"Query","rowCount":1,"pid":5744,"sql":"SELECT version, dirty FROM schema_migrations;","args":[],"time":0.001339164}
{"level":"info","ts":"2023-01-27T21:32:13.417+0300","caller":"service/userService.go:58","msg":"Attempt to connect to APIGateway 1 of 3"}
{"level":"info","ts":"2023-01-27T21:32:13.417+0300","caller":"service/clientHandlersFuncs.go:387","msg":"http://127.0.0.1:6002/api/v1/hello/"}
{"level":"info","ts":"2023-01-27T21:32:13.419+0300","caller":"service/userService.go:73","msg":"Start to listen to{port 15 0 6001 <nil>}"}
{"level":"info","ts":"2023-01-27T21:32:53.281+0300","caller":"v4@v4.17.2/conn.go:354","msg":"Query","args":["zurbagan@gmail.com"],"time":0.002862685,"rowCount":1,"pid":5744,"sql":"SELECT EXISTS (SELECT * FROM user_service.public.user_contacts WHERE email = $1)"}
{"level":"error","ts":"2023-01-27T21:32:53.281+0300","caller":"service/utils.go:48","msg":"<nil>invalid registration data; Key: 'fields.Phone' Error:Field validation for 'Phone' failed on the 'len' tag; ","stacktrace":"git.friends.com/PetLand/UserService/v2/internal/service.(*service).error\n\t/home/rodmul/GolandProjects/github.com/Petland/UserService/internal/service/utils.go:48\ngit.friends.com/PetLand/UserService/v2/internal/service.(*service).handleCreteNewUser.func1\n\t/home/rodmul/GolandProjects/github.com/Petland/UserService/internal/service/clientHandlersFuncs.go:95\nnet/http.HandlerFunc.ServeHTTP\n\t/usr/lib/go-1.18/src/net/http/server.go:2084\ngit.friends.com/PetLand/UserService/v2/internal/service.(*service).getRequestID.func1\n\t/home/rodmul/GolandProjects/github.com/Petland/UserService/internal/service/userService.go:93\nnet/http.HandlerFunc.ServeHTTP\n\t/usr/lib/go-1.18/src/net/http/server.go:2084\ngithub.com/gorilla/mux.(*Router).ServeHTTP\n\t/home/rodmul/go/pkg/mod/github.com/gorilla/mux@v1.8.0/mux.go:210\nnet/http.serverHandler.ServeHTTP\n\t/usr/lib/go-1.18/src/net/http/server.go:2916\nnet/http.(*conn).serve\n\t/usr/lib/go-1.18/src/net/http/server.go:1966"}
{"level":"info","ts":"2023-01-27T21:34:15.606+0300","caller":"v4@v4.17.2/conn.go:354","msg":"Dialing PostgreSQL server","host":"localhost"}
{"level":"info","ts":"2023-01-27T21:34:15.616+0300","caller":"v4@v4.17.2/conn.go:354","msg":"Exec","pid":5752,"sql":";","args":[],"time":0.000177816,"commandTag":""}
{"level":"info","ts":"2023-01-27T21:34:15.617+0300","caller":"v4@v4.17.2/conn.go:354","msg":"Query","rowCount":1,"pid":5752,"sql":"SELECT version, dirty FROM schema_migrations;","args":[],"time":0.000942454}
{"level":"info","ts":"2023-01-27T21:34:20.621+0300","caller":"service/userService.go:58","msg":"Attempt to connect to APIGateway 1 of 3"}
{"level":"info","ts":"2023-01-27T21:34:20.621+0300","caller":"service/clientHandlersFuncs.go:386","msg":"http://127.0.0.1:6002/api/v1/hello/"}
{"level":"info","ts":"2023-01-27T21:34:20.623+0300","caller":"service/userService.go:73","msg":"Start to listen to{port 15 0 6001 <nil>}"}
{"level":"info","ts":"2023-01-27T21:34:28.912+0300","caller":"v4@v4.17.2/conn.go:354","msg":"Query","sql":"SELECT EXISTS (SELECT * FROM user_service.public.user_contacts WHERE email = $1)","args":["zurbagan@gmail.com"],"time":0.001819338,"rowCount":1,"pid":5752}
{"level":"info","ts":"2023-01-27T21:34:29.008+0300","caller":"v4@v4.17.2/conn.go:354","msg":"Exec","time":0.000303126,"commandTag":"BEGIN","pid":5752,"sql":"begin","args":[]}
{"level":"info","ts":"2023-01-27T21:34:29.009+0300","caller":"v4@v4.17.2/conn.go:354","msg":"Exec","args":["2780bf66-5d85-4b06-b78e-66671dfaceb1","Vladimir","Presnyakov",0],"time":0.000919397,"commandTag":"INSERT 0 1","pid":5752,"sql":"INSERT INTO user_service.public.user_profile (id, first_name, sur_name, status) VALUES ($1, $2, $3, $4);"}
{"level":"info","ts":"2023-01-27T21:34:29.010+0300","caller":"v4@v4.17.2/conn.go:354","msg":"Exec","time":0.001284357,"commandTag":"INSERT 0 1","pid":5752,"sql":"INSERT INTO user_service.public.user_data (id_profile, password_encoded, password_salt) VALUES ($1, $2, $3);","args":["2780bf66-5d85-4b06-b78e-66671dfaceb1","$2a$10$.68IJ.gZsfx21kdnUk.lh.Z2/Otau718f7cBOiPoibcgU/plwMaEi","kt8$*4SjZIK1Tbo0oWnhWj2T3PBM@@BJ5hwtWGBSmTksk2MXM?A*%7@uYI!k"]}
{"level":"info","ts":"2023-01-27T21:34:29.011+0300","caller":"v4@v4.17.2/conn.go:354","msg":"Query","sql":"INSERT INTO user_service.public.user_contacts (id_profile, email, mobile_phone, \n\t\t\temail_subscription, show_phone) VALUES ($1, $2, $3, $4, $5);","args":["2780bf66-5d85-4b06-b78e-66671dfaceb1","zurbagan@gmail.com","",false,true],"time":0.00068767,"rowCount":0,"pid":5752}
{"level":"info","ts":"2023-01-27T21:34:29.020+0300","caller":"v4@v4.17.2/conn.go:354","msg":"Exec","sql":"commit","args":[],"time":0.008905475,"commandTag":"COMMIT","pid":5752}
